Connecting to database specified by database.yml
Connecting to database specified by database.yml


Started GET "/assets/rails.png" for 127.0.0.1 at 2013-09-18 17:00:07 +0530
Served asset /rails.png - 200 OK (6ms)
Connecting to database specified by database.yml
Connecting to database specified by database.yml


Started GET "/assets/rails.png" for 127.0.0.1 at 2013-09-18 17:01:49 +0530
Served asset /rails.png - 304 Not Modified (2ms)


Started GET "/" for 127.0.0.1 at 2013-09-18 17:02:13 +0530

AbstractController::ActionNotFound (The action 'index' could not be found for DashboardsController):
  actionpack (3.2.13) lib/abstract_controller/base.rb:116:in `process'
  actionpack (3.2.13) lib/abstract_controller/rendering.rb:45:in `process'
  actionpack (3.2.13) lib/action_controller/metal.rb:203:in `dispatch'
  actionpack (3.2.13) lib/action_controller/metal/rack_delegation.rb:14:in `dispatch'
  actionpack (3.2.13) lib/action_controller/metal.rb:246:in `block in action'
  actionpack (3.2.13) lib/action_dispatch/routing/route_set.rb:73:in `call'
  actionpack (3.2.13) lib/action_dispatch/routing/route_set.rb:73:in `dispatch'
  actionpack (3.2.13) lib/action_dispatch/routing/route_set.rb:36:in `call'
  journey (1.0.4) lib/journey/router.rb:68:in `block in call'
  journey (1.0.4) lib/journey/router.rb:56:in `each'
  journey (1.0.4) lib/journey/router.rb:56:in `call'
  actionpack (3.2.13) lib/action_dispatch/routing/route_set.rb:612:in `call'
  warden (1.2.3) lib/warden/manager.rb:35:in `block in call'
  warden (1.2.3) lib/warden/manager.rb:34:in `catch'
  warden (1.2.3) lib/warden/manager.rb:34:in `call'
  actionpack (3.2.13) lib/action_dispatch/middleware/best_standards_support.rb:17:in `call'
  rack (1.4.5) lib/rack/etag.rb:23:in `call'
  rack (1.4.5) lib/rack/conditionalget.rb:25:in `call'
  actionpack (3.2.13) lib/action_dispatch/middleware/head.rb:14:in `call'
  actionpack (3.2.13) lib/action_dispatch/middleware/params_parser.rb:21:in `call'
  actionpack (3.2.13) lib/action_dispatch/middleware/flash.rb:242:in `call'
  rack (1.4.5) lib/rack/session/abstract/id.rb:210:in `context'
  rack (1.4.5) lib/rack/session/abstract/id.rb:205:in `call'
  actionpack (3.2.13) lib/action_dispatch/middleware/cookies.rb:341:in `call'
  activerecord (3.2.13) lib/active_record/query_cache.rb:64:in `call'
  activerecord (3.2.13) lib/active_record/connection_adapters/abstract/connection_pool.rb:479:in `call'
  actionpack (3.2.13) lib/action_dispatch/middleware/callbacks.rb:28:in `block in call'
  activesupport (3.2.13) lib/active_support/callbacks.rb:405:in `_run__4308032695990493186__call__1684323547932178920__callbacks'
  activesupport (3.2.13) lib/active_support/callbacks.rb:405:in `__run_callback'
  activesupport (3.2.13) lib/active_support/callbacks.rb:385:in `_run_call_callbacks'
  activesupport (3.2.13) lib/active_support/callbacks.rb:81:in `run_callbacks'
  actionpack (3.2.13) lib/action_dispatch/middleware/callbacks.rb:27:in `call'
  actionpack (3.2.13) lib/action_dispatch/middleware/reloader.rb:65:in `call'
  actionpack (3.2.13) lib/action_dispatch/middleware/remote_ip.rb:31:in `call'
  actionpack (3.2.13) lib/action_dispatch/middleware/debug_exceptions.rb:16:in `call'
  actionpack (3.2.13) lib/action_dispatch/middleware/show_exceptions.rb:56:in `call'
  railties (3.2.13) lib/rails/rack/logger.rb:32:in `call_app'
  railties (3.2.13) lib/rails/rack/logger.rb:16:in `block in call'
  activesupport (3.2.13) lib/active_support/tagged_logging.rb:22:in `tagged'
  railties (3.2.13) lib/rails/rack/logger.rb:16:in `call'
  actionpack (3.2.13) lib/action_dispatch/middleware/request_id.rb:22:in `call'
  rack (1.4.5) lib/rack/methodoverride.rb:21:in `call'
  rack (1.4.5) lib/rack/runtime.rb:17:in `call'
  activesupport (3.2.13) lib/active_support/cache/strategy/local_cache.rb:72:in `call'
  rack (1.4.5) lib/rack/lock.rb:15:in `call'
  actionpack (3.2.13) lib/action_dispatch/middleware/static.rb:63:in `call'
  railties (3.2.13) lib/rails/engine.rb:479:in `call'
  railties (3.2.13) lib/rails/application.rb:223:in `call'
  rack (1.4.5) lib/rack/content_length.rb:14:in `call'
  railties (3.2.13) lib/rails/rack/log_tailer.rb:17:in `call'
  rack (1.4.5) lib/rack/handler/webrick.rb:59:in `service'
  /home/rails/.rvm/rubies/ruby-1.9.3-p448/lib/ruby/1.9.1/webrick/httpserver.rb:138:in `service'
  /home/rails/.rvm/rubies/ruby-1.9.3-p448/lib/ruby/1.9.1/webrick/httpserver.rb:94:in `run'
  /home/rails/.rvm/rubies/ruby-1.9.3-p448/lib/ruby/1.9.1/webrick/server.rb:191:in `block in start_thread'


  Rendered /home/rails/.rvm/gems/ruby-1.9.3-p448/gems/actionpack-3.2.13/lib/action_dispatch/middleware/templates/rescues/unknown_action.erb within rescues/layout (34.4ms)


Started GET "/" for 127.0.0.1 at 2013-09-18 17:02:50 +0530
Processing by DashboardsController#index as HTML
  Rendered dashboards/index.html.erb within layouts/application (0.4ms)
Compiled dashboards.css  (40ms)  (pid 13865)
Compiled application.css  (77ms)  (pid 13865)
Compiled jquery.js  (3ms)  (pid 13865)
Compiled jquery_ujs.js  (0ms)  (pid 13865)
Compiled dashboards.js  (321ms)  (pid 13865)
Compiled application.js  (380ms)  (pid 13865)
Completed 200 OK in 498ms (Views: 497.5ms | ActiveRecord: 0.0ms)


Started GET "/assets/application.css?body=1" for 127.0.0.1 at 2013-09-18 17:02:51 +0530
Served asset /application.css - 200 OK (7ms)


Started GET "/assets/jquery.js?body=1" for 127.0.0.1 at 2013-09-18 17:02:51 +0530
Served asset /jquery.js - 304 Not Modified (9ms)


Started GET "/assets/dashboards.css?body=1" for 127.0.0.1 at 2013-09-18 17:02:51 +0530
Served asset /dashboards.css - 304 Not Modified (4ms)


Started GET "/assets/jquery_ujs.js?body=1" for 127.0.0.1 at 2013-09-18 17:02:51 +0530
Served asset /jquery_ujs.js - 304 Not Modified (5ms)


Started GET "/assets/dashboards.js?body=1" for 127.0.0.1 at 2013-09-18 17:02:51 +0530
Served asset /dashboards.js - 304 Not Modified (4ms)


Started GET "/assets/application.js?body=1" for 127.0.0.1 at 2013-09-18 17:02:51 +0530
Served asset /application.js - 200 OK (14ms)


Started GET "/" for 127.0.0.1 at 2013-09-18 17:04:37 +0530
Processing by DashboardsController#index as HTML
  Rendered dashboards/index.html.erb within layouts/application (0.1ms)
Completed 500 Internal Server Error in 79ms

ActionView::Template::Error (undefined local variable or method `dashboards_path' for #<#<Class:0x007fd7a808bc40>:0x007fd7a8acc790>):
    14:           <div class="nav-collapse">
    15:             <ul class="nav pull-left">
    16:               <li>
    17:                 <%= link_to "Home",  dashboards_path, :class => "active" %>
    18:               </li>
    19:               <li>
    20:                 <%= link_to "Project", projects_path %>
  app/views/layouts/application.html.erb:17:in `_app_views_layouts_application_html_erb___2700354202320265901_70282112341740'


  Rendered /home/rails/.rvm/gems/ruby-1.9.3-p448/gems/actionpack-3.2.13/lib/action_dispatch/middleware/templates/rescues/_trace.erb (2.0ms)
  Rendered /home/rails/.rvm/gems/ruby-1.9.3-p448/gems/actionpack-3.2.13/lib/action_dispatch/middleware/templates/rescues/_request_and_response.erb (1.4ms)
  Rendered /home/rails/.rvm/gems/ruby-1.9.3-p448/gems/actionpack-3.2.13/lib/action_dispatch/middleware/templates/rescues/template_error.erb within rescues/layout (11.1ms)


Started GET "/" for 127.0.0.1 at 2013-09-18 17:05:21 +0530
Processing by DashboardsController#index as HTML
  Rendered dashboards/index.html.erb within layouts/application (0.1ms)
Completed 500 Internal Server Error in 35ms

ActionView::Template::Error (undefined local variable or method `projects_path' for #<#<Class:0x00000003b55a88>:0x000000043827d8>):
    17:                 <%= link_to "Home",  dashboards_path, :class => "active" %>
    18:               </li>
    19:               <li>
    20:                 <%= link_to "Project", projects_path %>
    21:               </li>
    22:               <li>
    23:                 <%= link_to "Buy", "#" %>
  app/views/layouts/application.html.erb:20:in `_app_views_layouts_application_html_erb___2700354202320265901_70282112341740'


  Rendered /home/rails/.rvm/gems/ruby-1.9.3-p448/gems/actionpack-3.2.13/lib/action_dispatch/middleware/templates/rescues/_trace.erb (1.8ms)
  Rendered /home/rails/.rvm/gems/ruby-1.9.3-p448/gems/actionpack-3.2.13/lib/action_dispatch/middleware/templates/rescues/_request_and_response.erb (1.4ms)
  Rendered /home/rails/.rvm/gems/ruby-1.9.3-p448/gems/actionpack-3.2.13/lib/action_dispatch/middleware/templates/rescues/template_error.erb within rescues/layout (10.7ms)


Started GET "/" for 127.0.0.1 at 2013-09-18 17:05:34 +0530
Processing by DashboardsController#index as HTML
  Rendered dashboards/index.html.erb within layouts/application (0.1ms)
Completed 500 Internal Server Error in 37ms

ActionView::Template::Error (undefined local variable or method `current_user' for #<#<Class:0x00000003b55a88>:0x007fd7881335c8>):
    30:               </li>
    31:             </ul>
    32:             <ul class="nav pull-right">
    33:               <%if current_user %>
    34:                 <li>
    35:                   <%=link_to("Welcome User: Logout", destroy_user_session_path, :method => :delete)%>
    36:                 </li>
  app/views/layouts/application.html.erb:33:in `_app_views_layouts_application_html_erb___2700354202320265901_70281838848420'


  Rendered /home/rails/.rvm/gems/ruby-1.9.3-p448/gems/actionpack-3.2.13/lib/action_dispatch/middleware/templates/rescues/_trace.erb (1.7ms)
  Rendered /home/rails/.rvm/gems/ruby-1.9.3-p448/gems/actionpack-3.2.13/lib/action_dispatch/middleware/templates/rescues/_request_and_response.erb (1.3ms)
  Rendered /home/rails/.rvm/gems/ruby-1.9.3-p448/gems/actionpack-3.2.13/lib/action_dispatch/middleware/templates/rescues/template_error.erb within rescues/layout (10.7ms)


Started GET "/" for 127.0.0.1 at 2013-09-18 17:06:39 +0530
Processing by DashboardsController#index as HTML
  Rendered dashboards/index.html.erb within layouts/application (0.1ms)
ERROR: compiling _app_views_layouts_application_html_erb___2700354202320265901_70281840140600 RAISED /home/rails/Desktop/realestate/app/views/layouts/application.html.erb:68: syntax error, unexpected keyword_ensure, expecting $end
Function body:           def _app_views_layouts_application_html_erb___2700354202320265901_70281840140600(local_assigns, output_buffer)
            _old_virtual_path, @virtual_path = @virtual_path, "layouts/application";_old_output_buffer = @output_buffer;;@output_buffer = output_buffer || ActionView::OutputBuffer.new;@output_buffer.safe_concat('<!DOCTYPE html>
<html>
<head>
  <title>Realestate</title>
  ');@output_buffer.append= ( stylesheet_link_tag    "application", :media => "all" );@output_buffer.safe_concat('
');@output_buffer.safe_concat('  ');@output_buffer.append= ( javascript_include_tag "application" );@output_buffer.safe_concat('
');@output_buffer.safe_concat('  ');@output_buffer.append= ( javascript_include_tag "http://ajax.googleapis.com/ajax/libs/jquery/1.6.4/jquery.min.js" );@output_buffer.safe_concat('
');@output_buffer.safe_concat('  ');@output_buffer.append= ( csrf_meta_tags );@output_buffer.safe_concat('
');@output_buffer.safe_concat('</head>
 <body>
    <div class="navbar navbar-fixed-top">
      <div class="navbar-inner">
        <div class="container">
          <div class="nav-collapse">
            <ul class="nav pull-left">
              <li>
                ');@output_buffer.append= ( link_to "Home",  dashboards_path, :class => "active" );@output_buffer.safe_concat('
');@output_buffer.safe_concat('              </li>
              <li>
                ');@output_buffer.append= ( link_to "Project" );@output_buffer.safe_concat('
');@output_buffer.safe_concat('              </li>
              <li>
                ');@output_buffer.append= ( link_to "Buy", "#" );@output_buffer.safe_concat('
');@output_buffer.safe_concat('              </li>
              <li>
                ');@output_buffer.append= ( link_to "Rent", "#" );@output_buffer.safe_concat('
');@output_buffer.safe_concat('              </li>
              <li>
                ');@output_buffer.append= ( link_to "Sell", "#" );@output_buffer.safe_concat('
');@output_buffer.safe_concat('              </li>
            </ul>
            <ul class="nav pull-right">
              
                <li>
                  ');@output_buffer.append= (link_to("Welcome User: Logout", destroy_user_session_path, :method => :delete));@output_buffer.safe_concat('
');@output_buffer.safe_concat('                </li>
              
                <li>
                  ');@output_buffer.append= (link_to(" Welcome Builder: Logout", destroy_builder_session_path, :method => :delete));@output_buffer.safe_concat('
');@output_buffer.safe_concat('                </li>
              
                <li>
                  ');@output_buffer.append= ( link_to "User Sign In","/users/sign_in" );@output_buffer.safe_concat('
');@output_buffer.safe_concat('                </li>
                <li>
                  ');@output_buffer.append= ( link_to "Builder Sign In","/builders/sign_in" );@output_buffer.safe_concat('
');@output_buffer.safe_concat('                </li>
');               end 
@output_buffer.safe_concat('
            </ul>
          </div><!--/.nav-collapse -->
        </div>
      </div>
    </div>
    <div class="container" style="padding-bottom:50px; margin-top: 50px;">
');       if notice 
@output_buffer.safe_concat('        <p class="notice">');@output_buffer.append= ( notice );@output_buffer.safe_concat('</p>
');       elsif alert 
@output_buffer.safe_concat('        <p class="alert">');@output_buffer.append= ( alert );@output_buffer.safe_concat('</p>
');       end  
@output_buffer.safe_concat('      <div id="content">
        ');@output_buffer.append= ( yield );@output_buffer.safe_concat('
');@output_buffer.safe_concat('      </div>  
    </div>
  </body>
</html>
');@output_buffer.to_s
          ensure
            @virtual_path, @output_buffer = _old_virtual_path, _old_output_buffer
          end

Backtrace: /home/rails/.rvm/gems/ruby-1.9.3-p448/gems/actionpack-3.2.13/lib/action_view/template.rb:297:in `module_eval'
/home/rails/.rvm/gems/ruby-1.9.3-p448/gems/actionpack-3.2.13/lib/action_view/template.rb:297:in `compile'
/home/rails/.rvm/gems/ruby-1.9.3-p448/gems/actionpack-3.2.13/lib/action_view/template.rb:244:in `block in compile!'
<internal:prelude>:10:in `synchronize'
/home/rails/.rvm/gems/ruby-1.9.3-p448/gems/actionpack-3.2.13/lib/action_view/template.rb:232:in `compile!'
/home/rails/.rvm/gems/ruby-1.9.3-p448/gems/actionpack-3.2.13/lib/action_view/template.rb:144:in `block in render'
/home/rails/.rvm/gems/ruby-1.9.3-p448/gems/activesupport-3.2.13/lib/active_support/notifications.rb:125:in `instrument'
/home/rails/.rvm/gems/ruby-1.9.3-p448/gems/actionpack-3.2.13/lib/action_view/template.rb:143:in `render'
/home/rails/.rvm/gems/ruby-1.9.3-p448/gems/actionpack-3.2.13/lib/action_view/renderer/template_renderer.rb:59:in `render_with_layout'
/home/rails/.rvm/gems/ruby-1.9.3-p448/gems/actionpack-3.2.13/lib/action_view/renderer/template_renderer.rb:45:in `render_template'
/home/rails/.rvm/gems/ruby-1.9.3-p448/gems/actionpack-3.2.13/lib/action_view/renderer/template_renderer.rb:18:in `render'
/home/rails/.rvm/gems/ruby-1.9.3-p448/gems/actionpack-3.2.13/lib/action_view/renderer/renderer.rb:36:in `render_template'
/home/rails/.rvm/gems/ruby-1.9.3-p448/gems/actionpack-3.2.13/lib/action_view/renderer/renderer.rb:17:in `render'
/home/rails/.rvm/gems/ruby-1.9.3-p448/gems/actionpack-3.2.13/lib/abstract_controller/rendering.rb:110:in `_render_template'
/home/rails/.rvm/gems/ruby-1.9.3-p448/gems/actionpack-3.2.13/lib/action_controller/metal/streaming.rb:225:in `_render_template'
/home/rails/.rvm/gems/ruby-1.9.3-p448/gems/actionpack-3.2.13/lib/abstract_controller/rendering.rb:103:in `render_to_body'
/home/rails/.rvm/gems/ruby-1.9.3-p448/gems/actionpack-3.2.13/lib/action_controller/metal/renderers.rb:28:in `render_to_body'
/home/rails/.rvm/gems/ruby-1.9.3-p448/gems/actionpack-3.2.13/lib/action_controller/metal/compatibility.rb:50:in `render_to_body'
/home/rails/.rvm/gems/ruby-1.9.3-p448/gems/actionpack-3.2.13/lib/abstract_controller/rendering.rb:88:in `render'
/home/rails/.rvm/gems/ruby-1.9.3-p448/gems/actionpack-3.2.13/lib/action_controller/metal/rendering.rb:16:in `render'
/home/rails/.rvm/gems/ruby-1.9.3-p448/gems/actionpack-3.2.13/lib/action_controller/metal/instrumentation.rb:40:in `block (2 levels) in render'
/home/rails/.rvm/gems/ruby-1.9.3-p448/gems/activesupport-3.2.13/lib/active_support/core_ext/benchmark.rb:5:in `block in ms'
/home/rails/.rvm/rubies/ruby-1.9.3-p448/lib/ruby/1.9.1/benchmark.rb:295:in `realtime'
/home/rails/.rvm/gems/ruby-1.9.3-p448/gems/activesupport-3.2.13/lib/active_support/core_ext/benchmark.rb:5:in `ms'
/home/rails/.rvm/gems/ruby-1.9.3-p448/gems/actionpack-3.2.13/lib/action_controller/metal/instrumentation.rb:40:in `block in render'
/home/rails/.rvm/gems/ruby-1.9.3-p448/gems/actionpack-3.2.13/lib/action_controller/metal/instrumentation.rb:83:in `cleanup_view_runtime'
/home/rails/.rvm/gems/ruby-1.9.3-p448/gems/activerecord-3.2.13/lib/active_record/railties/controller_runtime.rb:24:in `cleanup_view_runtime'
/home/rails/.rvm/gems/ruby-1.9.3-p448/gems/actionpack-3.2.13/lib/action_controller/metal/instrumentation.rb:39:in `render'
/home/rails/.rvm/gems/ruby-1.9.3-p448/gems/actionpack-3.2.13/lib/action_controller/metal/implicit_render.rb:10:in `default_render'
/home/rails/.rvm/gems/ruby-1.9.3-p448/gems/actionpack-3.2.13/lib/action_controller/metal/implicit_render.rb:5:in `send_action'
/home/rails/.rvm/gems/ruby-1.9.3-p448/gems/actionpack-3.2.13/lib/abstract_controller/base.rb:167:in `process_action'
/home/rails/.rvm/gems/ruby-1.9.3-p448/gems/actionpack-3.2.13/lib/action_controller/metal/rendering.rb:10:in `process_action'
/home/rails/.rvm/gems/ruby-1.9.3-p448/gems/actionpack-3.2.13/lib/abstract_controller/callbacks.rb:18:in `block in process_action'
/home/rails/.rvm/gems/ruby-1.9.3-p448/gems/activesupport-3.2.13/lib/active_support/callbacks.rb:414:in `_run__3382163607710804306__process_action__783685605731945570__callbacks'
/home/rails/.rvm/gems/ruby-1.9.3-p448/gems/activesupport-3.2.13/lib/active_support/callbacks.rb:405:in `__run_callback'
/home/rails/.rvm/gems/ruby-1.9.3-p448/gems/activesupport-3.2.13/lib/active_support/callbacks.rb:385:in `_run_process_action_callbacks'
/home/rails/.rvm/gems/ruby-1.9.3-p448/gems/activesupport-3.2.13/lib/active_support/callbacks.rb:81:in `run_callbacks'
/home/rails/.rvm/gems/ruby-1.9.3-p448/gems/actionpack-3.2.13/lib/abstract_controller/callbacks.rb:17:in `process_action'
/home/rails/.rvm/gems/ruby-1.9.3-p448/gems/actionpack-3.2.13/lib/action_controller/metal/rescue.rb:29:in `process_action'
/home/rails/.rvm/gems/ruby-1.9.3-p448/gems/actionpack-3.2.13/lib/action_controller/metal/instrumentation.rb:30:in `block in process_action'
/home/rails/.rvm/gems/ruby-1.9.3-p448/gems/activesupport-3.2.13/lib/active_support/notifications.rb:123:in `block in instrument'
/home/rails/.rvm/gems/ruby-1.9.3-p448/gems/activesupport-3.2.13/lib/active_support/notifications/instrumenter.rb:20:in `instrument'
/home/rails/.rvm/gems/ruby-1.9.3-p448/gems/activesupport-3.2.13/lib/active_support/notifications.rb:123:in `instrument'
/home/rails/.rvm/gems/ruby-1.9.3-p448/gems/actionpack-3.2.13/lib/action_controller/metal/instrumentation.rb:29:in `process_action'
/home/rails/.rvm/gems/ruby-1.9.3-p448/gems/actionpack-3.2.13/lib/action_controller/metal/params_wrapper.rb:207:in `process_action'
/home/rails/.rvm/gems/ruby-1.9.3-p448/gems/activerecord-3.2.13/lib/active_record/railties/controller_runtime.rb:18:in `process_action'
/home/rails/.rvm/gems/ruby-1.9.3-p448/gems/actionpack-3.2.13/lib/abstract_controller/base.rb:121:in `process'
/home/rails/.rvm/gems/ruby-1.9.3-p448/gems/actionpack-3.2.13/lib/abstract_controller/rendering.rb:45:in `process'
/home/rails/.rvm/gems/ruby-1.9.3-p448/gems/actionpack-3.2.13/lib/action_controller/metal.rb:203:in `dispatch'
/home/rails/.rvm/gems/ruby-1.9.3-p448/gems/actionpack-3.2.13/lib/action_controller/metal/rack_delegation.rb:14:in `dispatch'
/home/rails/.rvm/gems/ruby-1.9.3-p448/gems/actionpack-3.2.13/lib/action_controller/metal.rb:246:in `block in action'
/home/rails/.rvm/gems/ruby-1.9.3-p448/gems/actionpack-3.2.13/lib/action_dispatch/routing/route_set.rb:73:in `call'
/home/rails/.rvm/gems/ruby-1.9.3-p448/gems/actionpack-3.2.13/lib/action_dispatch/routing/route_set.rb:73:in `dispatch'
/home/rails/.rvm/gems/ruby-1.9.3-p448/gems/actionpack-3.2.13/lib/action_dispatch/routing/route_set.rb:36:in `call'
/home/rails/.rvm/gems/ruby-1.9.3-p448/gems/journey-1.0.4/lib/journey/router.rb:68:in `block in call'
/home/rails/.rvm/gems/ruby-1.9.3-p448/gems/journey-1.0.4/lib/journey/router.rb:56:in `each'
/home/rails/.rvm/gems/ruby-1.9.3-p448/gems/journey-1.0.4/lib/journey/router.rb:56:in `call'
/home/rails/.rvm/gems/ruby-1.9.3-p448/gems/actionpack-3.2.13/lib/action_dispatch/routing/route_set.rb:612:in `call'
/home/rails/.rvm/gems/ruby-1.9.3-p448/gems/warden-1.2.3/lib/warden/manager.rb:35:in `block in call'
/home/rails/.rvm/gems/ruby-1.9.3-p448/gems/warden-1.2.3/lib/warden/manager.rb:34:in `catch'
/home/rails/.rvm/gems/ruby-1.9.3-p448/gems/warden-1.2.3/lib/warden/manager.rb:34:in `call'
/home/rails/.rvm/gems/ruby-1.9.3-p448/gems/actionpack-3.2.13/lib/action_dispatch/middleware/best_standards_support.rb:17:in `call'
/home/rails/.rvm/gems/ruby-1.9.3-p448/gems/rack-1.4.5/lib/rack/etag.rb:23:in `call'
/home/rails/.rvm/gems/ruby-1.9.3-p448/gems/rack-1.4.5/lib/rack/conditionalget.rb:25:in `call'
/home/rails/.rvm/gems/ruby-1.9.3-p448/gems/actionpack-3.2.13/lib/action_dispatch/middleware/head.rb:14:in `call'
/home/rails/.rvm/gems/ruby-1.9.3-p448/gems/actionpack-3.2.13/lib/action_dispatch/middleware/params_parser.rb:21:in `call'
/home/rails/.rvm/gems/ruby-1.9.3-p448/gems/actionpack-3.2.13/lib/action_dispatch/middleware/flash.rb:242:in `call'
/home/rails/.rvm/gems/ruby-1.9.3-p448/gems/rack-1.4.5/lib/rack/session/abstract/id.rb:210:in `context'
/home/rails/.rvm/gems/ruby-1.9.3-p448/gems/rack-1.4.5/lib/rack/session/abstract/id.rb:205:in `call'
/home/rails/.rvm/gems/ruby-1.9.3-p448/gems/actionpack-3.2.13/lib/action_dispatch/middleware/cookies.rb:341:in `call'
/home/rails/.rvm/gems/ruby-1.9.3-p448/gems/activerecord-3.2.13/lib/active_record/query_cache.rb:64:in `call'
/home/rails/.rvm/gems/ruby-1.9.3-p448/gems/activerecord-3.2.13/lib/active_record/connection_adapters/abstract/connection_pool.rb:479:in `call'
/home/rails/.rvm/gems/ruby-1.9.3-p448/gems/actionpack-3.2.13/lib/action_dispatch/middleware/callbacks.rb:28:in `block in call'
/home/rails/.rvm/gems/ruby-1.9.3-p448/gems/activesupport-3.2.13/lib/active_support/callbacks.rb:405:in `_run__4308032695990493186__call__1684323547932178920__callbacks'
/home/rails/.rvm/gems/ruby-1.9.3-p448/gems/activesupport-3.2.13/lib/active_support/callbacks.rb:405:in `__run_callback'
/home/rails/.rvm/gems/ruby-1.9.3-p448/gems/activesupport-3.2.13/lib/active_support/callbacks.rb:385:in `_run_call_callbacks'
/home/rails/.rvm/gems/ruby-1.9.3-p448/gems/activesupport-3.2.13/lib/active_support/callbacks.rb:81:in `run_callbacks'
/home/rails/.rvm/gems/ruby-1.9.3-p448/gems/actionpack-3.2.13/lib/action_dispatch/middleware/callbacks.rb:27:in `call'
/home/rails/.rvm/gems/ruby-1.9.3-p448/gems/actionpack-3.2.13/lib/action_dispatch/middleware/reloader.rb:65:in `call'
/home/rails/.rvm/gems/ruby-1.9.3-p448/gems/actionpack-3.2.13/lib/action_dispatch/middleware/remote_ip.rb:31:in `call'
/home/rails/.rvm/gems/ruby-1.9.3-p448/gems/actionpack-3.2.13/lib/action_dispatch/middleware/debug_exceptions.rb:16:in `call'
/home/rails/.rvm/gems/ruby-1.9.3-p448/gems/actionpack-3.2.13/lib/action_dispatch/middleware/show_exceptions.rb:56:in `call'
/home/rails/.rvm/gems/ruby-1.9.3-p448/gems/railties-3.2.13/lib/rails/rack/logger.rb:32:in `call_app'
/home/rails/.rvm/gems/ruby-1.9.3-p448/gems/railties-3.2.13/lib/rails/rack/logger.rb:16:in `block in call'
/home/rails/.rvm/gems/ruby-1.9.3-p448/gems/activesupport-3.2.13/lib/active_support/tagged_logging.rb:22:in `tagged'
/home/rails/.rvm/gems/ruby-1.9.3-p448/gems/railties-3.2.13/lib/rails/rack/logger.rb:16:in `call'
/home/rails/.rvm/gems/ruby-1.9.3-p448/gems/actionpack-3.2.13/lib/action_dispatch/middleware/request_id.rb:22:in `call'
/home/rails/.rvm/gems/ruby-1.9.3-p448/gems/rack-1.4.5/lib/rack/methodoverride.rb:21:in `call'
/home/rails/.rvm/gems/ruby-1.9.3-p448/gems/rack-1.4.5/lib/rack/runtime.rb:17:in `call'
/home/rails/.rvm/gems/ruby-1.9.3-p448/gems/activesupport-3.2.13/lib/active_support/cache/strategy/local_cache.rb:72:in `call'
/home/rails/.rvm/gems/ruby-1.9.3-p448/gems/rack-1.4.5/lib/rack/lock.rb:15:in `call'
/home/rails/.rvm/gems/ruby-1.9.3-p448/gems/actionpack-3.2.13/lib/action_dispatch/middleware/static.rb:63:in `call'
/home/rails/.rvm/gems/ruby-1.9.3-p448/gems/railties-3.2.13/lib/rails/engine.rb:479:in `call'
/home/rails/.rvm/gems/ruby-1.9.3-p448/gems/railties-3.2.13/lib/rails/application.rb:223:in `call'
/home/rails/.rvm/gems/ruby-1.9.3-p448/gems/rack-1.4.5/lib/rack/content_length.rb:14:in `call'
/home/rails/.rvm/gems/ruby-1.9.3-p448/gems/railties-3.2.13/lib/rails/rack/log_tailer.rb:17:in `call'
/home/rails/.rvm/gems/ruby-1.9.3-p448/gems/rack-1.4.5/lib/rack/handler/webrick.rb:59:in `service'
/home/rails/.rvm/rubies/ruby-1.9.3-p448/lib/ruby/1.9.1/webrick/httpserver.rb:138:in `service'
/home/rails/.rvm/rubies/ruby-1.9.3-p448/lib/ruby/1.9.1/webrick/httpserver.rb:94:in `run'
/home/rails/.rvm/rubies/ruby-1.9.3-p448/lib/ruby/1.9.1/webrick/server.rb:191:in `block in start_thread'
Completed 500 Internal Server Error in 7ms

ActionView::Template::Error (/home/rails/Desktop/realestate/app/views/layouts/application.html.erb:68: syntax error, unexpected keyword_ensure, expecting $end):
    65:   </body>
    66: </html>
  actionpack (3.2.13) lib/action_view/template.rb:297:in `module_eval'
  actionpack (3.2.13) lib/action_view/template.rb:297:in `compile'
  actionpack (3.2.13) lib/action_view/template.rb:244:in `block in compile!'
  <internal:prelude>:10:in `synchronize'
  actionpack (3.2.13) lib/action_view/template.rb:232:in `compile!'
  actionpack (3.2.13) lib/action_view/template.rb:144:in `block in render'
  activesupport (3.2.13) lib/active_support/notifications.rb:125:in `instrument'
  actionpack (3.2.13) lib/action_view/template.rb:143:in `render'
  actionpack (3.2.13) lib/action_view/renderer/template_renderer.rb:59:in `render_with_layout'
  actionpack (3.2.13) lib/action_view/renderer/template_renderer.rb:45:in `render_template'
  actionpack (3.2.13) lib/action_view/renderer/template_renderer.rb:18:in `render'
  actionpack (3.2.13) lib/action_view/renderer/renderer.rb:36:in `render_template'
  actionpack (3.2.13) lib/action_view/renderer/renderer.rb:17:in `render'
  actionpack (3.2.13) lib/abstract_controller/rendering.rb:110:in `_render_template'
  actionpack (3.2.13) lib/action_controller/metal/streaming.rb:225:in `_render_template'
  actionpack (3.2.13) lib/abstract_controller/rendering.rb:103:in `render_to_body'
  actionpack (3.2.13) lib/action_controller/metal/renderers.rb:28:in `render_to_body'
  actionpack (3.2.13) lib/action_controller/metal/compatibility.rb:50:in `render_to_body'
  actionpack (3.2.13) lib/abstract_controller/rendering.rb:88:in `render'
  actionpack (3.2.13) lib/action_controller/metal/rendering.rb:16:in `render'
  actionpack (3.2.13) lib/action_controller/metal/instrumentation.rb:40:in `block (2 levels) in render'
  activesupport (3.2.13) lib/active_support/core_ext/benchmark.rb:5:in `block in ms'
  /home/rails/.rvm/rubies/ruby-1.9.3-p448/lib/ruby/1.9.1/benchmark.rb:295:in `realtime'
  activesupport (3.2.13) lib/active_support/core_ext/benchmark.rb:5:in `ms'
  actionpack (3.2.13) lib/action_controller/metal/instrumentation.rb:40:in `block in render'
  actionpack (3.2.13) lib/action_controller/metal/instrumentation.rb:83:in `cleanup_view_runtime'
  activerecord (3.2.13) lib/active_record/railties/controller_runtime.rb:24:in `cleanup_view_runtime'
  actionpack (3.2.13) lib/action_controller/metal/instrumentation.rb:39:in `render'
  actionpack (3.2.13) lib/action_controller/metal/implicit_render.rb:10:in `default_render'
  actionpack (3.2.13) lib/action_controller/metal/implicit_render.rb:5:in `send_action'
  actionpack (3.2.13) lib/abstract_controller/base.rb:167:in `process_action'
  actionpack (3.2.13) lib/action_controller/metal/rendering.rb:10:in `process_action'
  actionpack (3.2.13) lib/abstract_controller/callbacks.rb:18:in `block in process_action'
  activesupport (3.2.13) lib/active_support/callbacks.rb:414:in `_run__3382163607710804306__process_action__783685605731945570__callbacks'
  activesupport (3.2.13) lib/active_support/callbacks.rb:405:in `__run_callback'
  activesupport (3.2.13) lib/active_support/callbacks.rb:385:in `_run_process_action_callbacks'
  activesupport (3.2.13) lib/active_support/callbacks.rb:81:in `run_callbacks'
  actionpack (3.2.13) lib/abstract_controller/callbacks.rb:17:in `process_action'
  actionpack (3.2.13) lib/action_controller/metal/rescue.rb:29:in `process_action'
  actionpack (3.2.13) lib/action_controller/metal/instrumentation.rb:30:in `block in process_action'
  activesupport (3.2.13) lib/active_support/notifications.rb:123:in `block in instrument'
  activesupport (3.2.13) lib/active_support/notifications/instrumenter.rb:20:in `instrument'
  activesupport (3.2.13) lib/active_support/notifications.rb:123:in `instrument'
  actionpack (3.2.13) lib/action_controller/metal/instrumentation.rb:29:in `process_action'
  actionpack (3.2.13) lib/action_controller/metal/params_wrapper.rb:207:in `process_action'
  activerecord (3.2.13) lib/active_record/railties/controller_runtime.rb:18:in `process_action'
  actionpack (3.2.13) lib/abstract_controller/base.rb:121:in `process'
  actionpack (3.2.13) lib/abstract_controller/rendering.rb:45:in `process'
  actionpack (3.2.13) lib/action_controller/metal.rb:203:in `dispatch'
  actionpack (3.2.13) lib/action_controller/metal/rack_delegation.rb:14:in `dispatch'
  actionpack (3.2.13) lib/action_controller/metal.rb:246:in `block in action'
  actionpack (3.2.13) lib/action_dispatch/routing/route_set.rb:73:in `call'
  actionpack (3.2.13) lib/action_dispatch/routing/route_set.rb:73:in `dispatch'
  actionpack (3.2.13) lib/action_dispatch/routing/route_set.rb:36:in `call'
  journey (1.0.4) lib/journey/router.rb:68:in `block in call'
  journey (1.0.4) lib/journey/router.rb:56:in `each'
  journey (1.0.4) lib/journey/router.rb:56:in `call'
  actionpack (3.2.13) lib/action_dispatch/routing/route_set.rb:612:in `call'
  warden (1.2.3) lib/warden/manager.rb:35:in `block in call'
  warden (1.2.3) lib/warden/manager.rb:34:in `catch'
  warden (1.2.3) lib/warden/manager.rb:34:in `call'
  actionpack (3.2.13) lib/action_dispatch/middleware/best_standards_support.rb:17:in `call'
  rack (1.4.5) lib/rack/etag.rb:23:in `call'
  rack (1.4.5) lib/rack/conditionalget.rb:25:in `call'
  actionpack (3.2.13) lib/action_dispatch/middleware/head.rb:14:in `call'
  actionpack (3.2.13) lib/action_dispatch/middleware/params_parser.rb:21:in `call'
  actionpack (3.2.13) lib/action_dispatch/middleware/flash.rb:242:in `call'
  rack (1.4.5) lib/rack/session/abstract/id.rb:210:in `context'
  rack (1.4.5) lib/rack/session/abstract/id.rb:205:in `call'
  actionpack (3.2.13) lib/action_dispatch/middleware/cookies.rb:341:in `call'
  activerecord (3.2.13) lib/active_record/query_cache.rb:64:in `call'
  activerecord (3.2.13) lib/active_record/connection_adapters/abstract/connection_pool.rb:479:in `call'
  actionpack (3.2.13) lib/action_dispatch/middleware/callbacks.rb:28:in `block in call'
  activesupport (3.2.13) lib/active_support/callbacks.rb:405:in `_run__4308032695990493186__call__1684323547932178920__callbacks'
  activesupport (3.2.13) lib/active_support/callbacks.rb:405:in `__run_callback'
  activesupport (3.2.13) lib/active_support/callbacks.rb:385:in `_run_call_callbacks'
  activesupport (3.2.13) lib/active_support/callbacks.rb:81:in `run_callbacks'
  actionpack (3.2.13) lib/action_dispatch/middleware/callbacks.rb:27:in `call'
  actionpack (3.2.13) lib/action_dispatch/middleware/reloader.rb:65:in `call'
  actionpack (3.2.13) lib/action_dispatch/middleware/remote_ip.rb:31:in `call'
  actionpack (3.2.13) lib/action_dispatch/middleware/debug_exceptions.rb:16:in `call'
  actionpack (3.2.13) lib/action_dispatch/middleware/show_exceptions.rb:56:in `call'
  railties (3.2.13) lib/rails/rack/logger.rb:32:in `call_app'
  railties (3.2.13) lib/rails/rack/logger.rb:16:in `block in call'
  activesupport (3.2.13) lib/active_support/tagged_logging.rb:22:in `tagged'
  railties (3.2.13) lib/rails/rack/logger.rb:16:in `call'
  actionpack (3.2.13) lib/action_dispatch/middleware/request_id.rb:22:in `call'
  rack (1.4.5) lib/rack/methodoverride.rb:21:in `call'
  rack (1.4.5) lib/rack/runtime.rb:17:in `call'
  activesupport (3.2.13) lib/active_support/cache/strategy/local_cache.rb:72:in `call'
  rack (1.4.5) lib/rack/lock.rb:15:in `call'
  actionpack (3.2.13) lib/action_dispatch/middleware/static.rb:63:in `call'
  railties (3.2.13) lib/rails/engine.rb:479:in `call'
  railties (3.2.13) lib/rails/application.rb:223:in `call'
  rack (1.4.5) lib/rack/content_length.rb:14:in `call'
  railties (3.2.13) lib/rails/rack/log_tailer.rb:17:in `call'
  rack (1.4.5) lib/rack/handler/webrick.rb:59:in `service'
  /home/rails/.rvm/rubies/ruby-1.9.3-p448/lib/ruby/1.9.1/webrick/httpserver.rb:138:in `service'
  /home/rails/.rvm/rubies/ruby-1.9.3-p448/lib/ruby/1.9.1/webrick/httpserver.rb:94:in `run'
  /home/rails/.rvm/rubies/ruby-1.9.3-p448/lib/ruby/1.9.1/webrick/server.rb:191:in `block in start_thread'


  Rendered /home/rails/.rvm/gems/ruby-1.9.3-p448/gems/actionpack-3.2.13/lib/action_dispatch/middleware/templates/rescues/_trace.erb (2.0ms)
  Rendered /home/rails/.rvm/gems/ruby-1.9.3-p448/gems/actionpack-3.2.13/lib/action_dispatch/middleware/templates/rescues/_request_and_response.erb (1.5ms)
  Rendered /home/rails/.rvm/gems/ruby-1.9.3-p448/gems/actionpack-3.2.13/lib/action_dispatch/middleware/templates/rescues/template_error.erb within rescues/layout (11.0ms)


Started GET "/" for 127.0.0.1 at 2013-09-18 17:06:44 +0530
Processing by DashboardsController#index as HTML
  Rendered dashboards/index.html.erb within layouts/application (0.1ms)
Completed 500 Internal Server Error in 68ms

ActionView::Template::Error (undefined local variable or method `destroy_user_session_path' for #<#<Class:0x00000003b55a88>:0x007fd7887c7a60>):
    32:             <ul class="nav pull-right">
    33:               
    34:                 <li>
    35:                   <%=link_to("Welcome User: Logout", destroy_user_session_path, :method => :delete)%>
    36:                 </li>
    37:               
    38:                 <li>
  app/views/layouts/application.html.erb:35:in `_app_views_layouts_application_html_erb___2700354202320265901_70281842295720'


  Rendered /home/rails/.rvm/gems/ruby-1.9.3-p448/gems/actionpack-3.2.13/lib/action_dispatch/middleware/templates/rescues/_trace.erb (1.7ms)
  Rendered /home/rails/.rvm/gems/ruby-1.9.3-p448/gems/actionpack-3.2.13/lib/action_dispatch/middleware/templates/rescues/_request_and_response.erb (1.3ms)
  Rendered /home/rails/.rvm/gems/ruby-1.9.3-p448/gems/actionpack-3.2.13/lib/action_dispatch/middleware/templates/rescues/template_error.erb within rescues/layout (10.6ms)


Started GET "/" for 127.0.0.1 at 2013-09-18 17:06:59 +0530
Processing by DashboardsController#index as HTML
  Rendered dashboards/index.html.erb within layouts/application (0.1ms)
Completed 500 Internal Server Error in 38ms

ActionView::Template::Error (undefined local variable or method `destroy_user_session_path' for #<#<Class:0x00000003b55a88>:0x000000045a4818>):
    32:             <ul class="nav pull-right">
    33:               
    34:                 <li>
    35:                   <%=link_to("Welcome User: Logout", destroy_user_session_path, :method => :delete)%>
    36:                 </li>
    37:               
    38:                 <li>
  app/views/layouts/application.html.erb:35:in `_app_views_layouts_application_html_erb___2700354202320265901_70281838701940'


  Rendered /home/rails/.rvm/gems/ruby-1.9.3-p448/gems/actionpack-3.2.13/lib/action_dispatch/middleware/templates/rescues/_trace.erb (1.8ms)
  Rendered /home/rails/.rvm/gems/ruby-1.9.3-p448/gems/actionpack-3.2.13/lib/action_dispatch/middleware/templates/rescues/_request_and_response.erb (1.4ms)
  Rendered /home/rails/.rvm/gems/ruby-1.9.3-p448/gems/actionpack-3.2.13/lib/action_dispatch/middleware/templates/rescues/template_error.erb within rescues/layout (10.6ms)


Started GET "/" for 127.0.0.1 at 2013-09-18 17:07:11 +0530
Processing by DashboardsController#index as HTML
  Rendered dashboards/index.html.erb within layouts/application (0.1ms)
Completed 200 OK in 18ms (Views: 17.6ms | ActiveRecord: 0.0ms)


Started GET "/assets/application.css?body=1" for 127.0.0.1 at 2013-09-18 17:07:11 +0530
Served asset /application.css - 304 Not Modified (13ms)


Started GET "/assets/dashboards.css?body=1" for 127.0.0.1 at 2013-09-18 17:07:11 +0530
Served asset /dashboards.css - 304 Not Modified (0ms)


Started GET "/assets/jquery_ujs.js?body=1" for 127.0.0.1 at 2013-09-18 17:07:11 +0530
Served asset /jquery_ujs.js - 304 Not Modified (0ms)


Started GET "/assets/jquery.js?body=1" for 127.0.0.1 at 2013-09-18 17:07:11 +0530
Served asset /jquery.js - 304 Not Modified (2ms)


Started GET "/assets/dashboards.js?body=1" for 127.0.0.1 at 2013-09-18 17:07:11 +0530
Served asset /dashboards.js - 304 Not Modified (0ms)


Started GET "/assets/application.js?body=1" for 127.0.0.1 at 2013-09-18 17:07:11 +0530
Served asset /application.js - 304 Not Modified (3ms)


Started GET "/" for 127.0.0.1 at 2013-09-18 17:07:27 +0530
Processing by DashboardsController#index as HTML
  Rendered dashboards/index.html.erb within layouts/application (0.1ms)
Completed 200 OK in 16ms (Views: 15.5ms | ActiveRecord: 0.0ms)


Started GET "/assets/application.css?body=1" for 127.0.0.1 at 2013-09-18 17:07:27 +0530
Served asset /application.css - 304 Not Modified (2ms)


Started GET "/assets/dashboards.css?body=1" for 127.0.0.1 at 2013-09-18 17:07:27 +0530
Served asset /dashboards.css - 304 Not Modified (0ms)


Started GET "/assets/jquery.js?body=1" for 127.0.0.1 at 2013-09-18 17:07:27 +0530
Served asset /jquery.js - 304 Not Modified (2ms)


Started GET "/assets/jquery_ujs.js?body=1" for 127.0.0.1 at 2013-09-18 17:07:27 +0530
Served asset /jquery_ujs.js - 304 Not Modified (0ms)


Started GET "/assets/dashboards.js?body=1" for 127.0.0.1 at 2013-09-18 17:07:27 +0530
Served asset /dashboards.js - 304 Not Modified (0ms)


Started GET "/assets/application.js?body=1" for 127.0.0.1 at 2013-09-18 17:07:27 +0530
Served asset /application.js - 304 Not Modified (1ms)


Started GET "/" for 127.0.0.1 at 2013-09-18 17:07:28 +0530
Processing by DashboardsController#index as HTML
  Rendered dashboards/index.html.erb within layouts/application (0.1ms)
Completed 200 OK in 13ms (Views: 12.8ms | ActiveRecord: 0.0ms)


Started GET "/assets/application.css?body=1" for 127.0.0.1 at 2013-09-18 17:07:28 +0530
Served asset /application.css - 304 Not Modified (1ms)


Started GET "/assets/dashboards.css?body=1" for 127.0.0.1 at 2013-09-18 17:07:28 +0530
Served asset /dashboards.css - 304 Not Modified (2ms)


Started GET "/assets/jquery.js?body=1" for 127.0.0.1 at 2013-09-18 17:07:28 +0530
Served asset /jquery.js - 304 Not Modified (1ms)


Started GET "/assets/application.js?body=1" for 127.0.0.1 at 2013-09-18 17:07:28 +0530
Served asset /application.js - 304 Not Modified (1ms)


Started GET "/assets/jquery_ujs.js?body=1" for 127.0.0.1 at 2013-09-18 17:07:28 +0530
Served asset /jquery_ujs.js - 304 Not Modified (0ms)


Started GET "/assets/dashboards.js?body=1" for 127.0.0.1 at 2013-09-18 17:07:28 +0530
Served asset /dashboards.js - 304 Not Modified (0ms)


Started GET "/" for 127.0.0.1 at 2013-09-18 17:10:45 +0530
Processing by DashboardsController#index as HTML
  Rendered dashboards/index.html.erb within layouts/application (0.0ms)
Compiled bootstrap-responsive.css  (0ms)  (pid 13865)
Compiled bootstrap-responsive.min.css  (0ms)  (pid 13865)
Compiled bootstrap.css  (1ms)  (pid 13865)
Compiled bootstrap.min.css  (0ms)  (pid 13865)
Compiled application.css  (69ms)  (pid 13865)
Compiled bootstrap.js  (0ms)  (pid 13865)
Compiled bootstrap.min.js  (0ms)  (pid 13865)
Compiled application.js  (46ms)  (pid 13865)
Completed 200 OK in 162ms (Views: 161.1ms | ActiveRecord: 0.0ms)


Started GET "/assets/application.css?body=1" for 127.0.0.1 at 2013-09-18 17:10:45 +0530
Served asset /application.css - 304 Not Modified (44ms)


Started GET "/assets/bootstrap-responsive.css?body=1" for 127.0.0.1 at 2013-09-18 17:10:45 +0530
Served asset /bootstrap-responsive.css - 304 Not Modified (4ms)


Started GET "/assets/bootstrap.min.css?body=1" for 127.0.0.1 at 2013-09-18 17:10:45 +0530
Served asset /bootstrap.min.css - 304 Not Modified (5ms)


Started GET "/assets/bootstrap.css?body=1" for 127.0.0.1 at 2013-09-18 17:10:45 +0530
Served asset /bootstrap.css - 304 Not Modified (5ms)


Started GET "/assets/dashboards.css?body=1" for 127.0.0.1 at 2013-09-18 17:10:45 +0530
Served asset /dashboards.css - 304 Not Modified (0ms)


Started GET "/assets/bootstrap-responsive.min.css?body=1" for 127.0.0.1 at 2013-09-18 17:10:45 +0530
Served asset /bootstrap-responsive.min.css - 304 Not Modified (1ms)


Started GET "/assets/jquery.js?body=1" for 127.0.0.1 at 2013-09-18 17:10:45 +0530
Served asset /jquery.js - 304 Not Modified (1ms)


Started GET "/assets/jquery_ujs.js?body=1" for 127.0.0.1 at 2013-09-18 17:10:45 +0530
Served asset /jquery_ujs.js - 304 Not Modified (1ms)


Started GET "/assets/bootstrap.js?body=1" for 127.0.0.1 at 2013-09-18 17:10:45 +0530
Served asset /bootstrap.js - 304 Not Modified (3ms)


Started GET "/assets/bootstrap.min.js?body=1" for 127.0.0.1 at 2013-09-18 17:10:45 +0530
Served asset /bootstrap.min.js - 304 Not Modified (2ms)


Started GET "/assets/dashboards.js?body=1" for 127.0.0.1 at 2013-09-18 17:10:45 +0530
Served asset /dashboards.js - 304 Not Modified (0ms)


Started GET "/assets/application.js?body=1" for 127.0.0.1 at 2013-09-18 17:10:45 +0530
Served asset /application.js - 304 Not Modified (10ms)


Started GET "/" for 127.0.0.1 at 2013-09-18 17:11:37 +0530
Processing by DashboardsController#index as HTML
  Rendered dashboards/index.html.erb within layouts/application (0.1ms)
Completed 200 OK in 18ms (Views: 17.4ms | ActiveRecord: 0.0ms)


Started GET "/assets/application.css?body=1" for 127.0.0.1 at 2013-09-18 17:11:37 +0530
Served asset /application.css - 304 Not Modified (1ms)


Started GET "/assets/dashboards.css?body=1" for 127.0.0.1 at 2013-09-18 17:11:37 +0530
Served asset /dashboards.css - 304 Not Modified (0ms)


Started GET "/assets/bootstrap-responsive.min.css?body=1" for 127.0.0.1 at 2013-09-18 17:11:37 +0530
Served asset /bootstrap-responsive.min.css - 304 Not Modified (0ms)


Started GET "/assets/bootstrap.css?body=1" for 127.0.0.1 at 2013-09-18 17:11:37 +0530
Served asset /bootstrap.css - 304 Not Modified (0ms)


Started GET "/assets/bootstrap-responsive.css?body=1" for 127.0.0.1 at 2013-09-18 17:11:37 +0530
Served asset /bootstrap-responsive.css - 304 Not Modified (0ms)


Started GET "/assets/bootstrap.min.css?body=1" for 127.0.0.1 at 2013-09-18 17:11:37 +0530
Served asset /bootstrap.min.css - 304 Not Modified (0ms)


Started GET "/assets/jquery.js?body=1" for 127.0.0.1 at 2013-09-18 17:11:37 +0530
Served asset /jquery.js - 304 Not Modified (2ms)


Started GET "/assets/jquery_ujs.js?body=1" for 127.0.0.1 at 2013-09-18 17:11:37 +0530
Served asset /jquery_ujs.js - 304 Not Modified (0ms)


Started GET "/assets/bootstrap.js?body=1" for 127.0.0.1 at 2013-09-18 17:11:37 +0530
Served asset /bootstrap.js - 304 Not Modified (0ms)


Started GET "/assets/bootstrap.min.js?body=1" for 127.0.0.1 at 2013-09-18 17:11:37 +0530
Served asset /bootstrap.min.js - 304 Not Modified (0ms)


Started GET "/assets/dashboards.js?body=1" for 127.0.0.1 at 2013-09-18 17:11:37 +0530
Served asset /dashboards.js - 304 Not Modified (0ms)


Started GET "/assets/application.js?body=1" for 127.0.0.1 at 2013-09-18 17:11:37 +0530
Served asset /application.js - 304 Not Modified (3ms)


Started GET "/dashboards" for 127.0.0.1 at 2013-09-18 17:11:41 +0530
Processing by DashboardsController#index as HTML
  Rendered dashboards/index.html.erb within layouts/application (0.1ms)
Completed 200 OK in 16ms (Views: 15.7ms | ActiveRecord: 0.0ms)


Started GET "/assets/application.css?body=1" for 127.0.0.1 at 2013-09-18 17:11:41 +0530
Served asset /application.css - 304 Not Modified (1ms)


Started GET "/assets/bootstrap-responsive.min.css?body=1" for 127.0.0.1 at 2013-09-18 17:11:41 +0530
Served asset /bootstrap-responsive.min.css - 304 Not Modified (0ms)


Started GET "/assets/bootstrap-responsive.css?body=1" for 127.0.0.1 at 2013-09-18 17:11:41 +0530
Served asset /bootstrap-responsive.css - 304 Not Modified (0ms)


Started GET "/assets/dashboards.css?body=1" for 127.0.0.1 at 2013-09-18 17:11:41 +0530
Served asset /dashboards.css - 304 Not Modified (5ms)


Started GET "/assets/bootstrap.css?body=1" for 127.0.0.1 at 2013-09-18 17:11:41 +0530
Served asset /bootstrap.css - 304 Not Modified (0ms)


Started GET "/assets/jquery.js?body=1" for 127.0.0.1 at 2013-09-18 17:11:41 +0530
Served asset /jquery.js - 304 Not Modified (2ms)


Started GET "/assets/bootstrap.min.css?body=1" for 127.0.0.1 at 2013-09-18 17:11:41 +0530
Served asset /bootstrap.min.css - 304 Not Modified (0ms)


Started GET "/assets/jquery_ujs.js?body=1" for 127.0.0.1 at 2013-09-18 17:11:41 +0530
Served asset /jquery_ujs.js - 304 Not Modified (0ms)


Started GET "/assets/bootstrap.js?body=1" for 127.0.0.1 at 2013-09-18 17:11:41 +0530
Served asset /bootstrap.js - 304 Not Modified (0ms)


Started GET "/assets/bootstrap.min.js?body=1" for 127.0.0.1 at 2013-09-18 17:11:41 +0530
Served asset /bootstrap.min.js - 304 Not Modified (0ms)


Started GET "/assets/dashboards.js?body=1" for 127.0.0.1 at 2013-09-18 17:11:41 +0530
Served asset /dashboards.js - 304 Not Modified (0ms)


Started GET "/assets/application.js?body=1" for 127.0.0.1 at 2013-09-18 17:11:41 +0530
Served asset /application.js - 304 Not Modified (1ms)


Started GET "/dashboards" for 127.0.0.1 at 2013-09-18 17:11:42 +0530
Processing by DashboardsController#index as HTML
  Rendered dashboards/index.html.erb within layouts/application (0.1ms)
Completed 200 OK in 19ms (Views: 18.7ms | ActiveRecord: 0.0ms)


Started GET "/assets/bootstrap-responsive.css?body=1" for 127.0.0.1 at 2013-09-18 17:11:42 +0530
Served asset /bootstrap-responsive.css - 304 Not Modified (0ms)


Started GET "/assets/application.css?body=1" for 127.0.0.1 at 2013-09-18 17:11:42 +0530
Served asset /application.css - 304 Not Modified (1ms)


Started GET "/assets/bootstrap-responsive.min.css?body=1" for 127.0.0.1 at 2013-09-18 17:11:42 +0530
Served asset /bootstrap-responsive.min.css - 304 Not Modified (0ms)


Started GET "/assets/dashboards.css?body=1" for 127.0.0.1 at 2013-09-18 17:11:42 +0530
Served asset /dashboards.css - 304 Not Modified (5ms)


Started GET "/assets/bootstrap.css?body=1" for 127.0.0.1 at 2013-09-18 17:11:42 +0530
Served asset /bootstrap.css - 304 Not Modified (0ms)


Started GET "/assets/bootstrap.min.css?body=1" for 127.0.0.1 at 2013-09-18 17:11:42 +0530
Served asset /bootstrap.min.css - 304 Not Modified (0ms)


Started GET "/assets/jquery.js?body=1" for 127.0.0.1 at 2013-09-18 17:11:42 +0530
Served asset /jquery.js - 304 Not Modified (1ms)


Started GET "/assets/jquery_ujs.js?body=1" for 127.0.0.1 at 2013-09-18 17:11:42 +0530
Served asset /jquery_ujs.js - 304 Not Modified (2ms)


Started GET "/assets/bootstrap.js?body=1" for 127.0.0.1 at 2013-09-18 17:11:42 +0530
Served asset /bootstrap.js - 304 Not Modified (0ms)


Started GET "/assets/bootstrap.min.js?body=1" for 127.0.0.1 at 2013-09-18 17:11:42 +0530
Served asset /bootstrap.min.js - 304 Not Modified (0ms)


Started GET "/assets/dashboards.js?body=1" for 127.0.0.1 at 2013-09-18 17:11:42 +0530
Served asset /dashboards.js - 304 Not Modified (0ms)


Started GET "/assets/application.js?body=1" for 127.0.0.1 at 2013-09-18 17:11:42 +0530
Served asset /application.js - 304 Not Modified (1ms)


Started GET "/dashboards" for 127.0.0.1 at 2013-09-18 17:12:13 +0530
Processing by DashboardsController#index as HTML
  Rendered dashboards/index.html.erb within layouts/application (0.1ms)
Completed 200 OK in 16ms (Views: 15.5ms | ActiveRecord: 0.0ms)


Started GET "/assets/bootstrap-responsive.css?body=1" for 127.0.0.1 at 2013-09-18 17:12:13 +0530
Served asset /bootstrap-responsive.css - 304 Not Modified (0ms)


Started GET "/assets/application.css?body=1" for 127.0.0.1 at 2013-09-18 17:12:13 +0530
Served asset /application.css - 304 Not Modified (11ms)


Started GET "/assets/bootstrap.css?body=1" for 127.0.0.1 at 2013-09-18 17:12:13 +0530
Served asset /bootstrap.css - 304 Not Modified (0ms)


Started GET "/assets/bootstrap.min.css?body=1" for 127.0.0.1 at 2013-09-18 17:12:13 +0530
Served asset /bootstrap.min.css - 304 Not Modified (0ms)


Started GET "/assets/bootstrap-responsive.min.css?body=1" for 127.0.0.1 at 2013-09-18 17:12:13 +0530
Served asset /bootstrap-responsive.min.css - 304 Not Modified (0ms)


Started GET "/assets/dashboards.css?body=1" for 127.0.0.1 at 2013-09-18 17:12:13 +0530
Served asset /dashboards.css - 304 Not Modified (2ms)


Started GET "/assets/jquery.js?body=1" for 127.0.0.1 at 2013-09-18 17:12:13 +0530
Served asset /jquery.js - 304 Not Modified (2ms)


Started GET "/assets/jquery_ujs.js?body=1" for 127.0.0.1 at 2013-09-18 17:12:13 +0530
Served asset /jquery_ujs.js - 304 Not Modified (0ms)


Started GET "/assets/bootstrap.min.js?body=1" for 127.0.0.1 at 2013-09-18 17:12:13 +0530
Served asset /bootstrap.min.js - 304 Not Modified (0ms)


Started GET "/assets/bootstrap.js?body=1" for 127.0.0.1 at 2013-09-18 17:12:13 +0530
Served asset /bootstrap.js - 304 Not Modified (0ms)


Started GET "/assets/dashboards.js?body=1" for 127.0.0.1 at 2013-09-18 17:12:13 +0530
Served asset /dashboards.js - 304 Not Modified (0ms)


Started GET "/assets/application.js?body=1" for 127.0.0.1 at 2013-09-18 17:12:13 +0530
Served asset /application.js - 304 Not Modified (3ms)


Started GET "/dashboards" for 127.0.0.1 at 2013-09-18 17:13:19 +0530
Processing by DashboardsController#index as HTML
  Rendered dashboards/index.html.erb within layouts/application (0.1ms)
Completed 200 OK in 20ms (Views: 19.9ms | ActiveRecord: 0.0ms)


Started GET "/assets/application.css?body=1" for 127.0.0.1 at 2013-09-18 17:13:19 +0530
Served asset /application.css - 304 Not Modified (11ms)


Started GET "/assets/bootstrap-responsive.css?body=1" for 127.0.0.1 at 2013-09-18 17:13:19 +0530
Served asset /bootstrap-responsive.css - 304 Not Modified (0ms)


Started GET "/assets/bootstrap.css?body=1" for 127.0.0.1 at 2013-09-18 17:13:19 +0530
Served asset /bootstrap.css - 304 Not Modified (0ms)


Started GET "/assets/bootstrap-responsive.min.css?body=1" for 127.0.0.1 at 2013-09-18 17:13:19 +0530
Served asset /bootstrap-responsive.min.css - 304 Not Modified (0ms)


Started GET "/assets/dashboards.css?body=1" for 127.0.0.1 at 2013-09-18 17:13:19 +0530
Served asset /dashboards.css - 304 Not Modified (0ms)


Started GET "/assets/bootstrap.min.css?body=1" for 127.0.0.1 at 2013-09-18 17:13:19 +0530
Served asset /bootstrap.min.css - 304 Not Modified (0ms)


Started GET "/assets/jquery.js?body=1" for 127.0.0.1 at 2013-09-18 17:13:19 +0530
Served asset /jquery.js - 304 Not Modified (6ms)


Started GET "/assets/jquery_ujs.js?body=1" for 127.0.0.1 at 2013-09-18 17:13:19 +0530
Served asset /jquery_ujs.js - 304 Not Modified (0ms)


Started GET "/assets/bootstrap.js?body=1" for 127.0.0.1 at 2013-09-18 17:13:19 +0530
Served asset /bootstrap.js - 304 Not Modified (0ms)


Started GET "/assets/dashboards.js?body=1" for 127.0.0.1 at 2013-09-18 17:13:19 +0530
Served asset /dashboards.js - 304 Not Modified (0ms)


Started GET "/assets/bootstrap.min.js?body=1" for 127.0.0.1 at 2013-09-18 17:13:19 +0530
Served asset /bootstrap.min.js - 304 Not Modified (0ms)


Started GET "/assets/application.js?body=1" for 127.0.0.1 at 2013-09-18 17:13:19 +0530
Served asset /application.js - 304 Not Modified (3ms)


Started GET "/dashboards" for 127.0.0.1 at 2013-09-18 17:13:21 +0530
Processing by DashboardsController#index as HTML
  Rendered dashboards/index.html.erb within layouts/application (0.0ms)
Completed 200 OK in 18ms (Views: 17.7ms | ActiveRecord: 0.0ms)


Started GET "/assets/application.css?body=1" for 127.0.0.1 at 2013-09-18 17:13:21 +0530
Served asset /application.css - 304 Not Modified (0ms)


Started GET "/assets/bootstrap-responsive.css?body=1" for 127.0.0.1 at 2013-09-18 17:13:21 +0530
Served asset /bootstrap-responsive.css - 304 Not Modified (0ms)


Started GET "/assets/bootstrap-responsive.min.css?body=1" for 127.0.0.1 at 2013-09-18 17:13:21 +0530
Served asset /bootstrap-responsive.min.css - 304 Not Modified (0ms)


Started GET "/assets/bootstrap.min.css?body=1" for 127.0.0.1 at 2013-09-18 17:13:21 +0530
Served asset /bootstrap.min.css - 304 Not Modified (0ms)


Started GET "/assets/bootstrap.css?body=1" for 127.0.0.1 at 2013-09-18 17:13:21 +0530
Served asset /bootstrap.css - 304 Not Modified (0ms)


Started GET "/assets/jquery.js?body=1" for 127.0.0.1 at 2013-09-18 17:13:21 +0530
Served asset /jquery.js - 304 Not Modified (7ms)


Started GET "/assets/dashboards.css?body=1" for 127.0.0.1 at 2013-09-18 17:13:21 +0530
Served asset /dashboards.css - 304 Not Modified (0ms)


Started GET "/assets/jquery_ujs.js?body=1" for 127.0.0.1 at 2013-09-18 17:13:21 +0530
Served asset /jquery_ujs.js - 304 Not Modified (0ms)


Started GET "/assets/bootstrap.js?body=1" for 127.0.0.1 at 2013-09-18 17:13:21 +0530
Served asset /bootstrap.js - 304 Not Modified (0ms)


Started GET "/assets/dashboards.js?body=1" for 127.0.0.1 at 2013-09-18 17:13:21 +0530
Served asset /dashboards.js - 304 Not Modified (0ms)


Started GET "/assets/bootstrap.min.js?body=1" for 127.0.0.1 at 2013-09-18 17:13:21 +0530
Served asset /bootstrap.min.js - 304 Not Modified (0ms)


Started GET "/assets/application.js?body=1" for 127.0.0.1 at 2013-09-18 17:13:21 +0530
Served asset /application.js - 304 Not Modified (1ms)


Started GET "/dashboards" for 127.0.0.1 at 2013-09-18 17:13:25 +0530
Processing by DashboardsController#index as HTML
  Rendered dashboards/index.html.erb within layouts/application (0.1ms)
Completed 200 OK in 15ms (Views: 15.2ms | ActiveRecord: 0.0ms)


Started GET "/assets/application.css?body=1" for 127.0.0.1 at 2013-09-18 17:13:25 +0530
Served asset /application.css - 304 Not Modified (1ms)


Started GET "/assets/bootstrap-responsive.min.css?body=1" for 127.0.0.1 at 2013-09-18 17:13:25 +0530
Served asset /bootstrap-responsive.min.css - 304 Not Modified (0ms)


Started GET "/assets/bootstrap.min.css?body=1" for 127.0.0.1 at 2013-09-18 17:13:25 +0530
Served asset /bootstrap.min.css - 304 Not Modified (0ms)


Started GET "/assets/bootstrap-responsive.css?body=1" for 127.0.0.1 at 2013-09-18 17:13:25 +0530
Served asset /bootstrap-responsive.css - 304 Not Modified (0ms)


Started GET "/assets/bootstrap.css?body=1" for 127.0.0.1 at 2013-09-18 17:13:25 +0530
Served asset /bootstrap.css - 304 Not Modified (0ms)


Started GET "/assets/dashboards.css?body=1" for 127.0.0.1 at 2013-09-18 17:13:25 +0530
Served asset /dashboards.css - 304 Not Modified (1ms)


Started GET "/assets/jquery.js?body=1" for 127.0.0.1 at 2013-09-18 17:13:25 +0530
Served asset /jquery.js - 304 Not Modified (1ms)


Started GET "/assets/jquery_ujs.js?body=1" for 127.0.0.1 at 2013-09-18 17:13:25 +0530
Served asset /jquery_ujs.js - 304 Not Modified (0ms)


Started GET "/assets/bootstrap.js?body=1" for 127.0.0.1 at 2013-09-18 17:13:25 +0530
Served asset /bootstrap.js - 304 Not Modified (0ms)


Started GET "/assets/bootstrap.min.js?body=1" for 127.0.0.1 at 2013-09-18 17:13:25 +0530
Served asset /bootstrap.min.js - 304 Not Modified (0ms)


Started GET "/assets/dashboards.js?body=1" for 127.0.0.1 at 2013-09-18 17:13:25 +0530
Served asset /dashboards.js - 304 Not Modified (0ms)


Started GET "/assets/application.js?body=1" for 127.0.0.1 at 2013-09-18 17:13:25 +0530
Served asset /application.js - 304 Not Modified (2ms)


Started GET "/dashboards" for 127.0.0.1 at 2013-09-18 17:13:27 +0530
Processing by DashboardsController#index as HTML
  Rendered dashboards/index.html.erb within layouts/application (0.0ms)
Completed 200 OK in 14ms (Views: 14.3ms | ActiveRecord: 0.0ms)


Started GET "/assets/application.css?body=1" for 127.0.0.1 at 2013-09-18 17:13:28 +0530
Served asset /application.css - 304 Not Modified (1ms)


Started GET "/assets/bootstrap-responsive.css?body=1" for 127.0.0.1 at 2013-09-18 17:13:28 +0530
Served asset /bootstrap-responsive.css - 304 Not Modified (0ms)


Started GET "/assets/bootstrap-responsive.min.css?body=1" for 127.0.0.1 at 2013-09-18 17:13:28 +0530
Served asset /bootstrap-responsive.min.css - 304 Not Modified (0ms)


Started GET "/assets/bootstrap.min.css?body=1" for 127.0.0.1 at 2013-09-18 17:13:28 +0530
Served asset /bootstrap.min.css - 304 Not Modified (0ms)


Started GET "/assets/dashboards.css?body=1" for 127.0.0.1 at 2013-09-18 17:13:28 +0530
Served asset /dashboards.css - 304 Not Modified (0ms)


Started GET "/assets/bootstrap.css?body=1" for 127.0.0.1 at 2013-09-18 17:13:28 +0530
Served asset /bootstrap.css - 304 Not Modified (0ms)


Started GET "/assets/jquery.js?body=1" for 127.0.0.1 at 2013-09-18 17:13:28 +0530
Served asset /jquery.js - 304 Not Modified (2ms)


Started GET "/assets/jquery_ujs.js?body=1" for 127.0.0.1 at 2013-09-18 17:13:28 +0530
Served asset /jquery_ujs.js - 304 Not Modified (0ms)


Started GET "/assets/bootstrap.js?body=1" for 127.0.0.1 at 2013-09-18 17:13:28 +0530
Served asset /bootstrap.js - 304 Not Modified (0ms)


Started GET "/assets/bootstrap.min.js?body=1" for 127.0.0.1 at 2013-09-18 17:13:28 +0530
Served asset /bootstrap.min.js - 304 Not Modified (0ms)


Started GET "/assets/dashboards.js?body=1" for 127.0.0.1 at 2013-09-18 17:13:28 +0530
Served asset /dashboards.js - 304 Not Modified (0ms)


Started GET "/assets/application.js?body=1" for 127.0.0.1 at 2013-09-18 17:13:28 +0530
Served asset /application.js - 304 Not Modified (5ms)


Started GET "/dashboards" for 127.0.0.1 at 2013-09-18 17:14:50 +0530
Processing by DashboardsController#index as HTML
  Rendered dashboards/index.html.erb within layouts/application (0.0ms)
Completed 200 OK in 17ms (Views: 17.0ms | ActiveRecord: 0.0ms)


Started GET "/assets/application.css?body=1" for 127.0.0.1 at 2013-09-18 17:14:50 +0530
Served asset /application.css - 304 Not Modified (1ms)


Started GET "/assets/bootstrap-responsive.css?body=1" for 127.0.0.1 at 2013-09-18 17:14:50 +0530
Served asset /bootstrap-responsive.css - 304 Not Modified (0ms)


Started GET "/assets/bootstrap-responsive.min.css?body=1" for 127.0.0.1 at 2013-09-18 17:14:50 +0530
Served asset /bootstrap-responsive.min.css - 304 Not Modified (0ms)


Started GET "/assets/bootstrap.css?body=1" for 127.0.0.1 at 2013-09-18 17:14:50 +0530
Served asset /bootstrap.css - 304 Not Modified (0ms)


Started GET "/assets/bootstrap.min.css?body=1" for 127.0.0.1 at 2013-09-18 17:14:50 +0530
Served asset /bootstrap.min.css - 304 Not Modified (0ms)


Started GET "/assets/dashboards.css?body=1" for 127.0.0.1 at 2013-09-18 17:14:50 +0530
Served asset /dashboards.css - 304 Not Modified (0ms)


Started GET "/assets/jquery_ujs.js?body=1" for 127.0.0.1 at 2013-09-18 17:14:50 +0530
Served asset /jquery_ujs.js - 304 Not Modified (0ms)


Started GET "/assets/jquery.js?body=1" for 127.0.0.1 at 2013-09-18 17:14:50 +0530
Served asset /jquery.js - 304 Not Modified (2ms)


Started GET "/assets/bootstrap.js?body=1" for 127.0.0.1 at 2013-09-18 17:14:50 +0530
Served asset /bootstrap.js - 304 Not Modified (0ms)


Started GET "/assets/dashboards.js?body=1" for 127.0.0.1 at 2013-09-18 17:14:50 +0530
Served asset /dashboards.js - 304 Not Modified (0ms)


Started GET "/assets/bootstrap.min.js?body=1" for 127.0.0.1 at 2013-09-18 17:14:50 +0530
Served asset /bootstrap.min.js - 304 Not Modified (0ms)


Started GET "/assets/application.js?body=1" for 127.0.0.1 at 2013-09-18 17:14:50 +0530
Served asset /application.js - 304 Not Modified (3ms)


Started GET "/dashboards" for 127.0.0.1 at 2013-09-18 17:14:58 +0530
Processing by DashboardsController#index as HTML
  Rendered dashboards/index.html.erb within layouts/application (0.1ms)
Completed 200 OK in 16ms (Views: 16.1ms | ActiveRecord: 0.0ms)


Started GET "/assets/application.css?body=1" for 127.0.0.1 at 2013-09-18 17:14:58 +0530
Served asset /application.css - 304 Not Modified (0ms)


Started GET "/assets/bootstrap-responsive.css?body=1" for 127.0.0.1 at 2013-09-18 17:14:58 +0530
Served asset /bootstrap-responsive.css - 304 Not Modified (0ms)


Started GET "/assets/dashboards.css?body=1" for 127.0.0.1 at 2013-09-18 17:14:58 +0530
Served asset /dashboards.css - 304 Not Modified (0ms)


Started GET "/assets/bootstrap-responsive.min.css?body=1" for 127.0.0.1 at 2013-09-18 17:14:58 +0530
Served asset /bootstrap-responsive.min.css - 304 Not Modified (0ms)


Started GET "/assets/bootstrap.css?body=1" for 127.0.0.1 at 2013-09-18 17:14:58 +0530
Served asset /bootstrap.css - 304 Not Modified (0ms)


Started GET "/assets/jquery.js?body=1" for 127.0.0.1 at 2013-09-18 17:14:58 +0530
Served asset /jquery.js - 304 Not Modified (1ms)


Started GET "/assets/bootstrap.min.css?body=1" for 127.0.0.1 at 2013-09-18 17:14:58 +0530
Served asset /bootstrap.min.css - 304 Not Modified (0ms)


Started GET "/assets/jquery_ujs.js?body=1" for 127.0.0.1 at 2013-09-18 17:14:58 +0530
Served asset /jquery_ujs.js - 304 Not Modified (2ms)


Started GET "/assets/bootstrap.js?body=1" for 127.0.0.1 at 2013-09-18 17:14:58 +0530
Served asset /bootstrap.js - 304 Not Modified (0ms)


Started GET "/assets/bootstrap.min.js?body=1" for 127.0.0.1 at 2013-09-18 17:14:58 +0530
Served asset /bootstrap.min.js - 304 Not Modified (0ms)


Started GET "/assets/dashboards.js?body=1" for 127.0.0.1 at 2013-09-18 17:14:58 +0530
Served asset /dashboards.js - 304 Not Modified (0ms)


Started GET "/assets/application.js?body=1" for 127.0.0.1 at 2013-09-18 17:14:58 +0530
Served asset /application.js - 304 Not Modified (2ms)


Started GET "/dashboards" for 127.0.0.1 at 2013-09-18 17:15:00 +0530
Processing by DashboardsController#index as HTML
  Rendered dashboards/index.html.erb within layouts/application (0.1ms)
Completed 200 OK in 18ms (Views: 17.2ms | ActiveRecord: 0.0ms)


Started GET "/assets/application.css?body=1" for 127.0.0.1 at 2013-09-18 17:15:00 +0530
Served asset /application.css - 304 Not Modified (0ms)


Started GET "/assets/bootstrap.min.css?body=1" for 127.0.0.1 at 2013-09-18 17:15:00 +0530
Served asset /bootstrap.min.css - 304 Not Modified (0ms)


Started GET "/assets/dashboards.css?body=1" for 127.0.0.1 at 2013-09-18 17:15:00 +0530
Served asset /dashboards.css - 304 Not Modified (3ms)


Started GET "/assets/jquery.js?body=1" for 127.0.0.1 at 2013-09-18 17:15:00 +0530
Served asset /jquery.js - 304 Not Modified (1ms)


Started GET "/assets/bootstrap-responsive.css?body=1" for 127.0.0.1 at 2013-09-18 17:15:00 +0530
Served asset /bootstrap-responsive.css - 304 Not Modified (0ms)


Started GET "/assets/bootstrap.css?body=1" for 127.0.0.1 at 2013-09-18 17:15:00 +0530
Served asset /bootstrap.css - 304 Not Modified (0ms)


Started GET "/assets/bootstrap-responsive.min.css?body=1" for 127.0.0.1 at 2013-09-18 17:15:00 +0530
Served asset /bootstrap-responsive.min.css - 304 Not Modified (0ms)


Started GET "/assets/jquery_ujs.js?body=1" for 127.0.0.1 at 2013-09-18 17:15:00 +0530
Served asset /jquery_ujs.js - 304 Not Modified (1ms)


Started GET "/assets/bootstrap.js?body=1" for 127.0.0.1 at 2013-09-18 17:15:00 +0530
Served asset /bootstrap.js - 304 Not Modified (0ms)


Started GET "/assets/bootstrap.min.js?body=1" for 127.0.0.1 at 2013-09-18 17:15:00 +0530
Served asset /bootstrap.min.js - 304 Not Modified (0ms)


Started GET "/assets/dashboards.js?body=1" for 127.0.0.1 at 2013-09-18 17:15:00 +0530
Served asset /dashboards.js - 304 Not Modified (0ms)


Started GET "/assets/application.js?body=1" for 127.0.0.1 at 2013-09-18 17:15:00 +0530
Served asset /application.js - 304 Not Modified (3ms)


Started GET "/dashboards" for 127.0.0.1 at 2013-09-18 17:15:14 +0530
Processing by DashboardsController#index as HTML
  Rendered dashboards/index.html.erb within layouts/application (0.1ms)
Completed 200 OK in 23ms (Views: 22.7ms | ActiveRecord: 0.0ms)


Started GET "/assets/application.css?body=1" for 127.0.0.1 at 2013-09-18 17:15:14 +0530
Served asset /application.css - 304 Not Modified (1ms)


Started GET "/assets/bootstrap-responsive.css?body=1" for 127.0.0.1 at 2013-09-18 17:15:14 +0530
Served asset /bootstrap-responsive.css - 304 Not Modified (0ms)


Started GET "/assets/bootstrap.css?body=1" for 127.0.0.1 at 2013-09-18 17:15:14 +0530
Served asset /bootstrap.css - 304 Not Modified (0ms)


Started GET "/assets/bootstrap.min.css?body=1" for 127.0.0.1 at 2013-09-18 17:15:14 +0530
Served asset /bootstrap.min.css - 304 Not Modified (0ms)


Started GET "/assets/bootstrap-responsive.min.css?body=1" for 127.0.0.1 at 2013-09-18 17:15:14 +0530
Served asset /bootstrap-responsive.min.css - 304 Not Modified (0ms)


Started GET "/assets/jquery.js?body=1" for 127.0.0.1 at 2013-09-18 17:15:14 +0530
Served asset /jquery.js - 304 Not Modified (6ms)


Started GET "/assets/dashboards.css?body=1" for 127.0.0.1 at 2013-09-18 17:15:14 +0530
Served asset /dashboards.css - 304 Not Modified (1ms)


Started GET "/assets/jquery_ujs.js?body=1" for 127.0.0.1 at 2013-09-18 17:15:14 +0530
Served asset /jquery_ujs.js - 304 Not Modified (0ms)


Started GET "/assets/bootstrap.js?body=1" for 127.0.0.1 at 2013-09-18 17:15:14 +0530
Served asset /bootstrap.js - 304 Not Modified (0ms)


Started GET "/assets/bootstrap.min.js?body=1" for 127.0.0.1 at 2013-09-18 17:15:14 +0530
Served asset /bootstrap.min.js - 304 Not Modified (0ms)


Started GET "/assets/dashboards.js?body=1" for 127.0.0.1 at 2013-09-18 17:15:14 +0530
Served asset /dashboards.js - 304 Not Modified (0ms)


Started GET "/assets/application.js?body=1" for 127.0.0.1 at 2013-09-18 17:15:14 +0530
Served asset /application.js - 304 Not Modified (1ms)


Started GET "/dashboards" for 127.0.0.1 at 2013-09-18 17:16:19 +0530
Processing by DashboardsController#index as HTML
  Rendered dashboards/index.html.erb within layouts/application (0.1ms)
Completed 200 OK in 20ms (Views: 19.3ms | ActiveRecord: 0.0ms)


Started GET "/assets/bootstrap-responsive.css?body=1" for 127.0.0.1 at 2013-09-18 17:16:19 +0530
Served asset /bootstrap-responsive.css - 304 Not Modified (0ms)


Started GET "/assets/application.css?body=1" for 127.0.0.1 at 2013-09-18 17:16:19 +0530
Served asset /application.css - 304 Not Modified (4ms)


Started GET "/assets/bootstrap-responsive.min.css?body=1" for 127.0.0.1 at 2013-09-18 17:16:19 +0530
Served asset /bootstrap-responsive.min.css - 304 Not Modified (0ms)


Started GET "/assets/bootstrap.css?body=1" for 127.0.0.1 at 2013-09-18 17:16:19 +0530
Served asset /bootstrap.css - 304 Not Modified (0ms)


Started GET "/assets/bootstrap.min.css?body=1" for 127.0.0.1 at 2013-09-18 17:16:19 +0530
Served asset /bootstrap.min.css - 304 Not Modified (0ms)


Started GET "/assets/dashboards.css?body=1" for 127.0.0.1 at 2013-09-18 17:16:19 +0530
Served asset /dashboards.css - 304 Not Modified (0ms)


Started GET "/assets/jquery.js?body=1" for 127.0.0.1 at 2013-09-18 17:16:19 +0530
Served asset /jquery.js - 304 Not Modified (1ms)


Started GET "/assets/jquery_ujs.js?body=1" for 127.0.0.1 at 2013-09-18 17:16:19 +0530
Served asset /jquery_ujs.js - 304 Not Modified (0ms)


Started GET "/assets/bootstrap.js?body=1" for 127.0.0.1 at 2013-09-18 17:16:19 +0530
Served asset /bootstrap.js - 304 Not Modified (0ms)


Started GET "/assets/dashboards.js?body=1" for 127.0.0.1 at 2013-09-18 17:16:19 +0530
Served asset /dashboards.js - 304 Not Modified (0ms)


Started GET "/assets/bootstrap.min.js?body=1" for 127.0.0.1 at 2013-09-18 17:16:19 +0530
Served asset /bootstrap.min.js - 304 Not Modified (0ms)


Started GET "/assets/application.js?body=1" for 127.0.0.1 at 2013-09-18 17:16:19 +0530
Served asset /application.js - 304 Not Modified (3ms)


Started GET "/dashboards" for 127.0.0.1 at 2013-09-18 17:16:20 +0530
Processing by DashboardsController#index as HTML
  Rendered dashboards/index.html.erb within layouts/application (0.0ms)
Completed 200 OK in 15ms (Views: 14.7ms | ActiveRecord: 0.0ms)


Started GET "/assets/application.css?body=1" for 127.0.0.1 at 2013-09-18 17:16:20 +0530
Served asset /application.css - 304 Not Modified (54ms)


Started GET "/assets/bootstrap-responsive.css?body=1" for 127.0.0.1 at 2013-09-18 17:16:20 +0530
Served asset /bootstrap-responsive.css - 304 Not Modified (0ms)


Started GET "/assets/bootstrap.css?body=1" for 127.0.0.1 at 2013-09-18 17:16:20 +0530
Served asset /bootstrap.css - 304 Not Modified (0ms)


Started GET "/assets/bootstrap-responsive.min.css?body=1" for 127.0.0.1 at 2013-09-18 17:16:21 +0530
Served asset /bootstrap-responsive.min.css - 304 Not Modified (0ms)


Started GET "/assets/dashboards.css?body=1" for 127.0.0.1 at 2013-09-18 17:16:21 +0530
Served asset /dashboards.css - 304 Not Modified (0ms)


Started GET "/assets/bootstrap.min.css?body=1" for 127.0.0.1 at 2013-09-18 17:16:21 +0530
Served asset /bootstrap.min.css - 304 Not Modified (0ms)


Started GET "/assets/jquery.js?body=1" for 127.0.0.1 at 2013-09-18 17:16:21 +0530
Served asset /jquery.js - 304 Not Modified (0ms)


Started GET "/assets/jquery_ujs.js?body=1" for 127.0.0.1 at 2013-09-18 17:16:21 +0530
Served asset /jquery_ujs.js - 304 Not Modified (0ms)


Started GET "/assets/bootstrap.js?body=1" for 127.0.0.1 at 2013-09-18 17:16:21 +0530
Served asset /bootstrap.js - 304 Not Modified (0ms)


Started GET "/assets/bootstrap.min.js?body=1" for 127.0.0.1 at 2013-09-18 17:16:21 +0530
Served asset /bootstrap.min.js - 304 Not Modified (0ms)


Started GET "/assets/application.js?body=1" for 127.0.0.1 at 2013-09-18 17:16:21 +0530
Served asset /application.js - 304 Not Modified (1ms)


Started GET "/assets/dashboards.js?body=1" for 127.0.0.1 at 2013-09-18 17:16:21 +0530
Served asset /dashboards.js - 304 Not Modified (0ms)


Started GET "/dashboards" for 127.0.0.1 at 2013-09-18 17:18:12 +0530
Processing by DashboardsController#index as HTML
  Rendered dashboards/index.html.erb within layouts/application (0.1ms)
Completed 200 OK in 17ms (Views: 16.8ms | ActiveRecord: 0.0ms)


Started GET "/assets/application.css?body=1" for 127.0.0.1 at 2013-09-18 17:18:13 +0530
Served asset /application.css - 304 Not Modified (2ms)


Started GET "/assets/bootstrap.css?body=1" for 127.0.0.1 at 2013-09-18 17:18:13 +0530
Served asset /bootstrap.css - 304 Not Modified (0ms)


Started GET "/assets/bootstrap-responsive.min.css?body=1" for 127.0.0.1 at 2013-09-18 17:18:13 +0530
Served asset /bootstrap-responsive.min.css - 304 Not Modified (0ms)


Started GET "/assets/bootstrap.min.css?body=1" for 127.0.0.1 at 2013-09-18 17:18:13 +0530
Served asset /bootstrap.min.css - 304 Not Modified (0ms)


Started GET "/assets/bootstrap-responsive.css?body=1" for 127.0.0.1 at 2013-09-18 17:18:13 +0530
Served asset /bootstrap-responsive.css - 304 Not Modified (0ms)


Started GET "/assets/dashboards.css?body=1" for 127.0.0.1 at 2013-09-18 17:18:13 +0530
Served asset /dashboards.css - 304 Not Modified (4ms)


Started GET "/assets/jquery.js?body=1" for 127.0.0.1 at 2013-09-18 17:18:13 +0530
Served asset /jquery.js - 304 Not Modified (4ms)


Started GET "/assets/jquery_ujs.js?body=1" for 127.0.0.1 at 2013-09-18 17:18:13 +0530
Served asset /jquery_ujs.js - 304 Not Modified (0ms)


Started GET "/assets/bootstrap.min.js?body=1" for 127.0.0.1 at 2013-09-18 17:18:13 +0530
Served asset /bootstrap.min.js - 304 Not Modified (0ms)


Started GET "/assets/bootstrap.js?body=1" for 127.0.0.1 at 2013-09-18 17:18:13 +0530
Served asset /bootstrap.js - 304 Not Modified (0ms)


Started GET "/assets/dashboards.js?body=1" for 127.0.0.1 at 2013-09-18 17:18:13 +0530
Served asset /dashboards.js - 304 Not Modified (0ms)


Started GET "/assets/application.js?body=1" for 127.0.0.1 at 2013-09-18 17:18:13 +0530
Served asset /application.js - 304 Not Modified (1ms)


Started GET "/dashboards" for 127.0.0.1 at 2013-09-18 17:19:02 +0530
Processing by DashboardsController#index as HTML
  Rendered dashboards/index.html.erb within layouts/application (0.1ms)
Completed 200 OK in 23ms (Views: 22.8ms | ActiveRecord: 0.0ms)


Started GET "/assets/application.css?body=1" for 127.0.0.1 at 2013-09-18 17:19:02 +0530
Served asset /application.css - 304 Not Modified (19ms)


Started GET "/assets/bootstrap-responsive.min.css?body=1" for 127.0.0.1 at 2013-09-18 17:19:02 +0530
Served asset /bootstrap-responsive.min.css - 304 Not Modified (0ms)


Started GET "/assets/bootstrap.css?body=1" for 127.0.0.1 at 2013-09-18 17:19:02 +0530
Served asset /bootstrap.css - 304 Not Modified (0ms)


Started GET "/assets/bootstrap-responsive.css?body=1" for 127.0.0.1 at 2013-09-18 17:19:02 +0530
Served asset /bootstrap-responsive.css - 304 Not Modified (0ms)


Started GET "/assets/bootstrap.min.css?body=1" for 127.0.0.1 at 2013-09-18 17:19:02 +0530
Served asset /bootstrap.min.css - 304 Not Modified (0ms)


Started GET "/assets/dashboards.css?body=1" for 127.0.0.1 at 2013-09-18 17:19:02 +0530
Served asset /dashboards.css - 304 Not Modified (7ms)


Started GET "/assets/jquery.js?body=1" for 127.0.0.1 at 2013-09-18 17:19:02 +0530
Served asset /jquery.js - 304 Not Modified (2ms)


Started GET "/assets/jquery_ujs.js?body=1" for 127.0.0.1 at 2013-09-18 17:19:02 +0530
Served asset /jquery_ujs.js - 304 Not Modified (0ms)


Started GET "/assets/bootstrap.js?body=1" for 127.0.0.1 at 2013-09-18 17:19:02 +0530
Served asset /bootstrap.js - 304 Not Modified (0ms)


Started GET "/assets/bootstrap.min.js?body=1" for 127.0.0.1 at 2013-09-18 17:19:02 +0530
Served asset /bootstrap.min.js - 304 Not Modified (0ms)


Started GET "/assets/dashboards.js?body=1" for 127.0.0.1 at 2013-09-18 17:19:02 +0530
Served asset /dashboards.js - 304 Not Modified (0ms)


Started GET "/assets/application.js?body=1" for 127.0.0.1 at 2013-09-18 17:19:02 +0530
Served asset /application.js - 304 Not Modified (3ms)
Connecting to database specified by database.yml
Connecting to database specified by database.yml


Started GET "/" for 127.0.0.1 at 2013-09-19 12:12:03 +0530
Processing by DashboardsController#index as HTML
  Rendered dashboards/index.html.erb within layouts/application (2.2ms)
Compiled jquery.js  (2ms)  (pid 3806)
Compiled jquery_ujs.js  (0ms)  (pid 3806)
Compiled application.js  (41ms)  (pid 3806)
Completed 200 OK in 99ms (Views: 98.1ms | ActiveRecord: 0.0ms)


Started GET "/assets/application.css?body=1" for 127.0.0.1 at 2013-09-19 12:12:03 +0530
Served asset /application.css - 304 Not Modified (13ms)


Started GET "/assets/bootstrap-responsive.css?body=1" for 127.0.0.1 at 2013-09-19 12:12:03 +0530
Served asset /bootstrap-responsive.css - 304 Not Modified (31ms)


Started GET "/assets/bootstrap-responsive.min.css?body=1" for 127.0.0.1 at 2013-09-19 12:12:03 +0530
Served asset /bootstrap-responsive.min.css - 304 Not Modified (2ms)


Started GET "/assets/bootstrap.css?body=1" for 127.0.0.1 at 2013-09-19 12:12:03 +0530
Served asset /bootstrap.css - 304 Not Modified (2ms)


Started GET "/assets/bootstrap.min.css?body=1" for 127.0.0.1 at 2013-09-19 12:12:03 +0530
Served asset /bootstrap.min.css - 304 Not Modified (2ms)


Started GET "/assets/bootstrap.min.js?body=1" for 127.0.0.1 at 2013-09-19 12:12:03 +0530
Served asset /bootstrap.min.js - 304 Not Modified (8ms)


Started GET "/assets/jquery.js?body=1" for 127.0.0.1 at 2013-09-19 12:12:03 +0530
Served asset /jquery.js - 304 Not Modified (4ms)


Started GET "/assets/dashboards.css?body=1" for 127.0.0.1 at 2013-09-19 12:12:03 +0530
Served asset /dashboards.css - 304 Not Modified (1ms)


Started GET "/assets/dashboards.js?body=1" for 127.0.0.1 at 2013-09-19 12:12:03 +0530
Served asset /dashboards.js - 304 Not Modified (1ms)


Started GET "/assets/jquery_ujs.js?body=1" for 127.0.0.1 at 2013-09-19 12:12:03 +0530
Served asset /jquery_ujs.js - 304 Not Modified (1ms)


Started GET "/assets/bootstrap.js?body=1" for 127.0.0.1 at 2013-09-19 12:12:03 +0530
Served asset /bootstrap.js - 304 Not Modified (1ms)


Started GET "/assets/application.js?body=1" for 127.0.0.1 at 2013-09-19 12:12:03 +0530
Served asset /application.js - 304 Not Modified (9ms)
Connecting to database specified by database.yml
Connecting to database specified by database.yml
Connecting to database specified by database.yml
  [1m[36m (133.6ms)[0m  [1mCREATE TABLE `schema_migrations` (`version` varchar(255) NOT NULL) ENGINE=InnoDB[0m
  [1m[35m (291.7ms)[0m  CREATE UNIQUE INDEX `unique_schema_migrations` ON `schema_migrations` (`version`)
  [1m[36m (1.4ms)[0m  [1mSELECT `schema_migrations`.`version` FROM `schema_migrations` [0m
Migrating to DeviseCreateBuilders (20130919064341)
  [1m[35m (122.9ms)[0m  CREATE TABLE `builders` (`id` int(11) DEFAULT NULL auto_increment PRIMARY KEY, `email` varchar(255) DEFAULT '' NOT NULL, `encrypted_password` varchar(255) DEFAULT '' NOT NULL, `first_name` varchar(255), `last_name` varchar(255), `company_name` varchar(255), `phone` varchar(255), `country` varchar(255), `address` text, `city` varchar(255), `reset_password_token` varchar(255), `reset_password_sent_at` datetime, `remember_created_at` datetime, `sign_in_count` int(11) DEFAULT 0 NOT NULL, `current_sign_in_at` datetime, `last_sign_in_at` datetime, `current_sign_in_ip` varchar(255), `last_sign_in_ip` varchar(255), `confirmation_token` varchar(255), `confirmed_at` datetime, `confirmation_sent_at` datetime, `unconfirmed_email` varchar(255), `created_at` datetime NOT NULL, `updated_at` datetime NOT NULL) ENGINE=InnoDB
  [1m[36m (208.0ms)[0m  [1mCREATE UNIQUE INDEX `index_builders_on_email` ON `builders` (`email`)[0m
  [1m[35m (174.8ms)[0m  CREATE UNIQUE INDEX `index_builders_on_reset_password_token` ON `builders` (`reset_password_token`)
  [1m[36m (167.9ms)[0m  [1mCREATE UNIQUE INDEX `index_builders_on_confirmation_token` ON `builders` (`confirmation_token`)[0m
  [1m[35m (49.6ms)[0m  INSERT INTO `schema_migrations` (`version`) VALUES ('20130919064341')
  [1m[36m (0.2ms)[0m  [1mSELECT `schema_migrations`.`version` FROM `schema_migrations` [0m


Started GET "/" for 127.0.0.1 at 2013-09-19 12:18:12 +0530

RuntimeError (Devise.secret_key was not set. Please add the following to your Devise initializer:

  config.secret_key = 'b853c820c9d3e786764ef1097d245bdb6859b3a284b4270ec2a67f5f83c73829845c8e3da31058b2002a1bb58cc0ae9b1f7ade134048b1ee78d0df955a53fdfa'

):
  config/routes.rb:2:in `block in <top (required)>'
  config/routes.rb:1:in `<top (required)>'


  Rendered /usr/local/lib/ruby/gems/1.9.1/gems/actionpack-3.2.13/lib/action_dispatch/middleware/templates/rescues/_trace.erb (1.3ms)
  Rendered /usr/local/lib/ruby/gems/1.9.1/gems/actionpack-3.2.13/lib/action_dispatch/middleware/templates/rescues/_request_and_response.erb (1.3ms)
  Rendered /usr/local/lib/ruby/gems/1.9.1/gems/actionpack-3.2.13/lib/action_dispatch/middleware/templates/rescues/diagnostics.erb within rescues/layout (51.2ms)


Started GET "/" for 127.0.0.1 at 2013-09-19 12:19:48 +0530

ActionController::RoutingError (No route matches [GET] "/"):
  actionpack (3.2.13) lib/action_dispatch/middleware/debug_exceptions.rb:21:in `call'
  actionpack (3.2.13) lib/action_dispatch/middleware/show_exceptions.rb:56:in `call'
  railties (3.2.13) lib/rails/rack/logger.rb:32:in `call_app'
  railties (3.2.13) lib/rails/rack/logger.rb:16:in `block in call'
  activesupport (3.2.13) lib/active_support/tagged_logging.rb:22:in `tagged'
  railties (3.2.13) lib/rails/rack/logger.rb:16:in `call'
  actionpack (3.2.13) lib/action_dispatch/middleware/request_id.rb:22:in `call'
  rack (1.4.5) lib/rack/methodoverride.rb:21:in `call'
  rack (1.4.5) lib/rack/runtime.rb:17:in `call'
  activesupport (3.2.13) lib/active_support/cache/strategy/local_cache.rb:72:in `call'
  rack (1.4.5) lib/rack/lock.rb:15:in `call'
  actionpack (3.2.13) lib/action_dispatch/middleware/static.rb:63:in `call'
  railties (3.2.13) lib/rails/engine.rb:479:in `call'
  railties (3.2.13) lib/rails/application.rb:223:in `call'
  rack (1.4.5) lib/rack/content_length.rb:14:in `call'
  railties (3.2.13) lib/rails/rack/log_tailer.rb:17:in `call'
  rack (1.4.5) lib/rack/handler/webrick.rb:59:in `service'
  /usr/local/lib/ruby/1.9.1/webrick/httpserver.rb:138:in `service'
  /usr/local/lib/ruby/1.9.1/webrick/httpserver.rb:94:in `run'
  /usr/local/lib/ruby/1.9.1/webrick/server.rb:191:in `block in start_thread'


  Rendered /usr/local/lib/ruby/gems/1.9.1/gems/actionpack-3.2.13/lib/action_dispatch/middleware/templates/rescues/routing_error.erb within rescues/layout (1.1ms)


Started GET "/" for 127.0.0.1 at 2013-09-19 12:25:06 +0530

RuntimeError (Devise.secret_key was not set. Please add the following to your Devise initializer:

  config.secret_key = '71d9a90fbfcd50175d0c826588a230c18b0023ed11cf6e981eed66ab25429643bc0fd8cbee0a1c20f8f69571e7d14312627412275371ee896c70919117864c90'

):
  config/routes.rb:2:in `block in <top (required)>'
  config/routes.rb:1:in `<top (required)>'


  Rendered /usr/local/lib/ruby/gems/1.9.1/gems/actionpack-3.2.13/lib/action_dispatch/middleware/templates/rescues/_trace.erb (2.5ms)
  Rendered /usr/local/lib/ruby/gems/1.9.1/gems/actionpack-3.2.13/lib/action_dispatch/middleware/templates/rescues/_request_and_response.erb (2.5ms)
  Rendered /usr/local/lib/ruby/gems/1.9.1/gems/actionpack-3.2.13/lib/action_dispatch/middleware/templates/rescues/diagnostics.erb within rescues/layout (18.5ms)


Started GET "/" for 127.0.0.1 at 2013-09-19 12:25:42 +0530

ActionController::RoutingError (No route matches [GET] "/"):
  actionpack (3.2.13) lib/action_dispatch/middleware/debug_exceptions.rb:21:in `call'
  actionpack (3.2.13) lib/action_dispatch/middleware/show_exceptions.rb:56:in `call'
  railties (3.2.13) lib/rails/rack/logger.rb:32:in `call_app'
  railties (3.2.13) lib/rails/rack/logger.rb:16:in `block in call'
  activesupport (3.2.13) lib/active_support/tagged_logging.rb:22:in `tagged'
  railties (3.2.13) lib/rails/rack/logger.rb:16:in `call'
  actionpack (3.2.13) lib/action_dispatch/middleware/request_id.rb:22:in `call'
  rack (1.4.5) lib/rack/methodoverride.rb:21:in `call'
  rack (1.4.5) lib/rack/runtime.rb:17:in `call'
  activesupport (3.2.13) lib/active_support/cache/strategy/local_cache.rb:72:in `call'
  rack (1.4.5) lib/rack/lock.rb:15:in `call'
  actionpack (3.2.13) lib/action_dispatch/middleware/static.rb:63:in `call'
  railties (3.2.13) lib/rails/engine.rb:479:in `call'
  railties (3.2.13) lib/rails/application.rb:223:in `call'
  rack (1.4.5) lib/rack/content_length.rb:14:in `call'
  railties (3.2.13) lib/rails/rack/log_tailer.rb:17:in `call'
  rack (1.4.5) lib/rack/handler/webrick.rb:59:in `service'
  /usr/local/lib/ruby/1.9.1/webrick/httpserver.rb:138:in `service'
  /usr/local/lib/ruby/1.9.1/webrick/httpserver.rb:94:in `run'
  /usr/local/lib/ruby/1.9.1/webrick/server.rb:191:in `block in start_thread'


  Rendered /usr/local/lib/ruby/gems/1.9.1/gems/actionpack-3.2.13/lib/action_dispatch/middleware/templates/rescues/routing_error.erb within rescues/layout (1.1ms)


Started GET "/dashboards" for 127.0.0.1 at 2013-09-19 12:25:55 +0530

ActionController::RoutingError (No route matches [GET] "/dashboards"):
  actionpack (3.2.13) lib/action_dispatch/middleware/debug_exceptions.rb:21:in `call'
  actionpack (3.2.13) lib/action_dispatch/middleware/show_exceptions.rb:56:in `call'
  railties (3.2.13) lib/rails/rack/logger.rb:32:in `call_app'
  railties (3.2.13) lib/rails/rack/logger.rb:16:in `block in call'
  activesupport (3.2.13) lib/active_support/tagged_logging.rb:22:in `tagged'
  railties (3.2.13) lib/rails/rack/logger.rb:16:in `call'
  actionpack (3.2.13) lib/action_dispatch/middleware/request_id.rb:22:in `call'
  rack (1.4.5) lib/rack/methodoverride.rb:21:in `call'
  rack (1.4.5) lib/rack/runtime.rb:17:in `call'
  activesupport (3.2.13) lib/active_support/cache/strategy/local_cache.rb:72:in `call'
  rack (1.4.5) lib/rack/lock.rb:15:in `call'
  actionpack (3.2.13) lib/action_dispatch/middleware/static.rb:63:in `call'
  railties (3.2.13) lib/rails/engine.rb:479:in `call'
  railties (3.2.13) lib/rails/application.rb:223:in `call'
  rack (1.4.5) lib/rack/content_length.rb:14:in `call'
  railties (3.2.13) lib/rails/rack/log_tailer.rb:17:in `call'
  rack (1.4.5) lib/rack/handler/webrick.rb:59:in `service'
  /usr/local/lib/ruby/1.9.1/webrick/httpserver.rb:138:in `service'
  /usr/local/lib/ruby/1.9.1/webrick/httpserver.rb:94:in `run'
  /usr/local/lib/ruby/1.9.1/webrick/server.rb:191:in `block in start_thread'


  Rendered /usr/local/lib/ruby/gems/1.9.1/gems/actionpack-3.2.13/lib/action_dispatch/middleware/templates/rescues/routing_error.erb within rescues/layout (1.1ms)
Connecting to database specified by database.yml


Started GET "/dashboards" for 127.0.0.1 at 2013-09-19 12:26:17 +0530
Processing by DashboardsController#index as HTML
  Rendered dashboards/index.html.erb within layouts/application (22.2ms)
Completed 200 OK in 85ms (Views: 84.2ms | ActiveRecord: 0.0ms)


Started GET "/assets/application.css?body=1" for 127.0.0.1 at 2013-09-19 12:26:18 +0530
Served asset /application.css - 304 Not Modified (43ms)


Started GET "/assets/bootstrap.css?body=1" for 127.0.0.1 at 2013-09-19 12:26:18 +0530
Served asset /bootstrap.css - 304 Not Modified (2ms)


Started GET "/assets/bootstrap.min.css?body=1" for 127.0.0.1 at 2013-09-19 12:26:18 +0530
Served asset /bootstrap.min.css - 304 Not Modified (2ms)


Started GET "/assets/dashboards.css?body=1" for 127.0.0.1 at 2013-09-19 12:26:18 +0530
Served asset /dashboards.css - 304 Not Modified (1ms)


Started GET "/assets/bootstrap-responsive.css?body=1" for 127.0.0.1 at 2013-09-19 12:26:18 +0530
Served asset /bootstrap-responsive.css - 304 Not Modified (1ms)


Started GET "/assets/bootstrap-responsive.min.css?body=1" for 127.0.0.1 at 2013-09-19 12:26:18 +0530
Served asset /bootstrap-responsive.min.css - 304 Not Modified (1ms)


Started GET "/assets/jquery_ujs.js?body=1" for 127.0.0.1 at 2013-09-19 12:26:18 +0530
Served asset /jquery_ujs.js - 304 Not Modified (5ms)


Started GET "/assets/bootstrap.js?body=1" for 127.0.0.1 at 2013-09-19 12:26:18 +0530
Served asset /bootstrap.js - 304 Not Modified (1ms)


Started GET "/assets/jquery.js?body=1" for 127.0.0.1 at 2013-09-19 12:26:18 +0530
Served asset /jquery.js - 304 Not Modified (3ms)


Started GET "/assets/bootstrap.min.js?body=1" for 127.0.0.1 at 2013-09-19 12:26:18 +0530
Served asset /bootstrap.min.js - 304 Not Modified (1ms)


Started GET "/assets/dashboards.js?body=1" for 127.0.0.1 at 2013-09-19 12:26:18 +0530
Served asset /dashboards.js - 304 Not Modified (1ms)


Started GET "/assets/application.js?body=1" for 127.0.0.1 at 2013-09-19 12:26:18 +0530
Served asset /application.js - 304 Not Modified (12ms)
