[Wed Sep 25 19:40:24.910 2013] 0.048 sec [all/2/rel 2 (0,20)] [property_core] *["For Rent"]*
[Wed Sep 25 19:42:34.897 2013] 0.000 sec [all/2/rel 0 (0,20)] [property_core] *["For Rent or "]*
[Wed Sep 25 19:43:19.916 2013] 0.000 sec [all/2/rel 0 (0,20)] [property_core] *["For Rent or bangalore"]*
[Wed Sep 25 19:43:35.626 2013] 0.001 sec [all/2/rel 0 (0,20)] [property_core] *["For Rent or bangalore"]*
[Wed Sep 25 19:44:06.802 2013] 0.000 sec [all/2/rel 0 (0,20)] [property_core] *["For Rent and bangalore"]*
[Wed Sep 25 19:47:07.327 2013] 0.001 sec [all/2/rel 0 (0,20)] [property_core] *["For Rent", "Select Property Type", "", ""]*
[Wed Sep 25 19:48:12.333 2013] 0.001 sec [all/2/rel 2 (0,20)] [property_core] *For Rent*
[Wed Sep 25 19:48:45.290 2013] 0.000 sec [all/2/rel 0 (0,20)] [property_core] *For Rent* and Select Property Type
[Wed Sep 25 19:52:10.849 2013] 0.001 sec [all/2/rel 0 (0,20)] [property_core] (*For Rent*,  *Select Property Type*)
[Wed Sep 25 19:52:43.366 2013] 0.000 sec [all/2/rel 1 (0,20)] [property_core] (*For Rent*,  *Villa*)
[Wed Sep 25 21:32:18.898 2013] 0.001 sec [all/2/rel 1 (0,20)] [property_core] (*For Rent*,  *Villa*)
[Wed Sep 25 22:48:18.086 2013] 0.001 sec [all/2/rel 1 (0,20)] [property_core] (*For Rent*,  *Villa*, **, **)
[Wed Sep 25 22:49:35.402 2013] 0.001 sec [all/2/rel 1 (0,20)] [property_core] (*For Rent*,  *Villa*, **, **)
[Wed Sep 25 22:49:56.803 2013] 0.001 sec [all/2/rel 0 (0,20)] [property_core] (*Select Property Listing*,  *Select Property Type*, *bangalore*, **)
[Wed Sep 25 22:51:12.856 2013] 0.001 sec [all/2/rel 0 (0,20)] [property_core] (*Select Property Listing*,  *Select Property Type*, *bangalore*, **)
[Wed Sep 25 22:53:01.840 2013] 0.000 sec [all/2/rel 1 (0,20)] [property_core] (*For Rent*,  *Villa*, *bangalore*, **)
[Wed Sep 25 22:53:37.501 2013] 0.000 sec [all/2/rel 0 (0,20)] [property_core] (*For Rent*,  *Villa*, *bangalore*, *25689000*)
[Wed Sep 25 22:53:48.204 2013] 0.001 sec [all/2/rel 1 (0,20)] [property_core] (*For Rent*,  *Villa*, *bangalore*, *25689*)
[Wed Sep 25 22:53:56.325 2013] 0.001 sec [all/2/rel 0 (0,20)] [property_core] (*Select Property Listing*,  *Villa*, *bangalore*, *25689*)
[Wed Sep 25 22:54:04.655 2013] 0.001 sec [all/2/rel 0 (0,20)] [property_core] (*Select Property Listing*,  *Villa*, *bangalore*, *25689*)
[Wed Sep 25 22:54:12.837 2013] 0.001 sec [all/2/rel 1 (0,20)] [property_core] (*For Rent*,  *Villa*, *bangalore*, *25689*)
[Wed Sep 25 22:54:44.259 2013] 0.001 sec [all/2/rel 0 (0,20)] [property_core] (*For Rent* or  *Villa* or *bangalore* or *25689*)
[Wed Sep 25 22:54:55.434 2013] 0.001 sec [all/2/rel 0 (0,20)] [property_core] (*For Sale* or  *Villa* or *bangalore* or *25689*)
[Wed Sep 25 22:55:02.102 2013] 0.001 sec [all/2/rel 0 (0,20)] [property_core] (*For Rent* or  *Villa* or *bangalore* or *25689*)
[Wed Sep 25 22:55:24.031 2013] 0.001 sec [all/2/rel 1 (0,20)] [property_core] (*For Rent*,  *Villa*, *bangalore*, *25689*)
[Wed Sep 25 22:55:38.221 2013] 0.001 sec [all/2/rel 0 (0,20)] [property_core] (*Select Property Listing*,  *Villa*, *bangalore*, *25689*)
[Thu Sep 26 11:44:45.886 2013] 0.042 sec [all/2/rel 1 (0,20)] [property_core] (*For Rent*,  *Villa*, **, **)
[Thu Sep 26 11:44:56.406 2013] 0.000 sec [all/2/rel 0 (0,20)] [property_core] (*For Sale*,  *Select Property Type*, **, **)
[Thu Sep 26 11:45:35.242 2013] 0.000 sec [all/2/rel 0 (0,20)] [property_core] (*For Sale*,  *Select Property Type*, **, **)
[Thu Sep 26 11:45:39.655 2013] 0.001 sec [all/2/rel 0 (0,20)] [property_core] (*For Sale or Rent*,  *Select Property Type*, **, **)
[Thu Sep 26 11:45:48.030 2013] 0.001 sec [all/2/rel 0 (0,20)] [property_core] (*For Sale*,  *Select Property Type*, **, *200*)
[Thu Sep 26 11:45:54.699 2013] 0.000 sec [all/2/rel 0 (0,20)] [property_core] (*Select Property Listing*,  *Select Property Type*, *bangalore*, **)
[Thu Sep 26 11:46:14.550 2013] 0.000 sec [all/2/rel 0 (0,20)] [property_core] (*Select Property Listing*,  *Select Property Type*, *banglore*, **)
[Thu Sep 26 11:46:21.867 2013] 0.001 sec [all/2/rel 0 (0,20)] [property_core] (*Select Property Listing*,  *Select Property Type*, *delhi*, **)
[Thu Sep 26 11:47:41.713 2013] 0.001 sec [all/2/rel 0 (0,20)] [property_core] (*Select Property Listing*,  *Villa*, **, **)
[Thu Sep 26 11:48:58.124 2013] 0.000 sec [all/2/rel 0 (0,20)] [property_core] (*Select Property Listing*,  *Villa*, **, **)
[Thu Sep 26 11:49:09.563 2013] 0.000 sec [all/2/rel 0 (0,20)] [property_core] (*For Sale*,  *Villa*, **, **)
[Thu Sep 26 11:49:22.766 2013] 0.001 sec [all/2/rel 1 (0,20)] [property_core] (*For Rent*,  *Villa*, **, **)
[Thu Sep 26 11:51:27.841 2013] 0.001 sec [all/2/rel 1 (0,20)] [property_core] (*For Rent*,  *Villa*, **, **)
[Thu Sep 26 11:52:01.654 2013] 0.001 sec [all/2/rel 0 (0,20)] [property_core] (*For Sale*,  *Select Property Type*, *bangalore*, **)
[Thu Sep 26 11:58:33.169 2013] 0.001 sec [all/2/rel 0 (0,20)] [property_core] (*For Rent*,  *Select Property Type*, **, **)
[Thu Sep 26 11:58:43.138 2013] 0.000 sec [all/2/rel 1 (0,20)] [property_core] (*For Rent*,  *Villa*, **, **)
[Thu Sep 26 12:02:55.829 2013] 0.001 sec [all/2/rel 1 (0,20)] [property_core] (*For Rent*,  *Villa*, **, **)
[Thu Sep 26 12:03:09.221 2013] 0.001 sec [all/2/rel 1 (0,20)] [property_core] (*For Rent*,  *Villa*, **, **)
[Thu Sep 26 12:03:25.220 2013] 0.001 sec [all/2/rel 1 (0,20)] [property_core] (*For Rent*,  *Villa*, **, **)
[Thu Sep 26 12:03:34.787 2013] 0.001 sec [all/2/rel 1 (0,20)] [property_core] (*For Rent*,  *Villa*, **, **)
[Thu Sep 26 12:04:12.112 2013] 0.001 sec [all/2/rel 1 (0,20)] [property_core] (*For Rent*,  *Villa*, **, **)
[Thu Sep 26 12:07:05.867 2013] 0.001 sec [all/2/rel 1 (0,20)] [property_core] (*For Rent*,  *Villa*, **, **)
[Thu Sep 26 12:15:38.340 2013] 0.001 sec [all/2/rel 1 (0,20)] [property_core] *["For Rent", "Villa"]*
[Thu Sep 26 12:17:10.076 2013] 0.000 sec [all/2/rel 1 (0,20)] [property_core] *["For Rent", "Villa"]*
[Thu Sep 26 12:17:39.115 2013] 0.001 sec [all/2/rel 1 (0,20)] [property_core] *["For Rent", "Villa"]*
[Thu Sep 26 12:17:58.852 2013] 0.000 sec [all/2/rel 1 (0,20)] [property_core] *["For Rent", "Villa"]*
[Thu Sep 26 12:20:17.873 2013] 0.001 sec [all/2/rel 0 (0,20)] [property_core] *["For Sale", "Select Property Type", "delhi"]*
[Thu Sep 26 12:20:34.393 2013] 0.000 sec [all/2/rel 0 (0,20)] [property_core] *["For Rent", "Select Property Type", "bangalore"]*
[Thu Sep 26 12:21:28.827 2013] 0.000 sec [all/2/rel 0 (0,20)] [property_core] *["For Sale", "Apartment", "bangalore"]*
[Thu Sep 26 12:21:46.024 2013] 0.001 sec [all/2/rel 1 (0,20)] [property_core] *["For Rent", "Villa", "bangalore"]*
[Thu Sep 26 12:22:12.132 2013] 0.000 sec [all/2/rel 0 (0,20)] [property_core] *["For Sale", "Apartment", "delhi"]*
[Thu Sep 26 12:22:24.662 2013] 0.000 sec [all/2/rel 0 (0,20)] [property_core] *["For Rent", "Villa", "delhi"]*
[Thu Sep 26 12:23:02.681 2013] 0.000 sec [all/2/rel 0 (0,20)] [property_core] *["For Rent", "Villa", "delhi"]*
[Thu Sep 26 12:24:46.453 2013] 0.000 sec [all/2/rel 0 (0,20)] [property_core] *["For Rent", "Villa", "delhi", "35987"]*
[Thu Sep 26 12:30:51.010 2013] 0.001 sec [all/2/rel 0 (0,20)] [property_core] *["For Rent", "Villa", "delhi", "35987"]*
[Thu Sep 26 12:31:29.940 2013] 0.001 sec [all/2/rel 0 (0,20)] [property_core] *["For Rent", "Villa", "delhi", "35987"]*
[Thu Sep 26 12:32:13.629 2013] 0.001 sec [all/2/rel 0 (0,20)] [property_core] *["For Rent", "Villa", "delhi", "35987"]*
[Thu Sep 26 12:35:35.968 2013] 0.000 sec [all/2/rel 1 (0,20)] [property_core] *["For Rent", "Villa"]*
[Thu Sep 26 12:35:46.323 2013] 0.000 sec [all/2/rel 1 (0,20)] [property_core] *["For Rent", "Villa", "bangalore"]*
[Thu Sep 26 12:35:57.046 2013] 0.000 sec [all/2/rel 0 (0,20)] [property_core] *["For Sale", "Villa", "bangalore"]*
[Thu Sep 26 12:36:02.259 2013] 0.001 sec [all/2/rel 1 (0,20)] [property_core] *["For Rent", "Villa", "bangalore"]*
[Thu Sep 26 12:41:24.000 2013] 0.000 sec [all/2/rel 0 (0,20)] [property_core] *["For Sale", "bangalore"]*
[Thu Sep 26 12:41:28.061 2013] 0.001 sec [all/2/rel 2 (0,20)] [property_core] *["For Rent", "bangalore"]*
[Thu Sep 26 12:42:26.197 2013] 0.001 sec [all/2/rel 2 (0,20)] [property_core] *["For Rent", "bangalore"]*
[Thu Sep 26 14:07:23.146 2013] 0.000 sec [all/2/rel 1 (0,20)] [property_core] *["For Rent", "Apartment", "bangalore"]*
[Thu Sep 26 14:07:38.166 2013] 0.001 sec [all/2/rel 0 (0,20)] [property_core] *["For Sale or Rent"]*
[Thu Sep 26 14:07:45.153 2013] 0.000 sec [all/2/rel 0 (0,20)] [property_core] *["For Sale"]*
[Thu Sep 26 14:07:48.698 2013] 0.001 sec [all/2/rel 2 (0,20)] [property_core] *["For Rent"]*
[Thu Sep 26 15:27:32.007 2013] 0.000 sec [all/2/rel 0 (0,20)] [property_core] *["For Sale or Rent"]*
[Thu Sep 26 15:27:41.813 2013] 0.000 sec [all/2/rel 2 (0,20)] [property_core] *["For Rent"]*
[Thu Sep 26 15:28:42.724 2013] 0.000 sec [all/2/rel 2 (0,20)] [property_core] *["For Rent"]*
[Thu Sep 26 15:28:49.854 2013] 0.001 sec [all/2/rel 2 (0,20)] [property_core] *["For Rent"]*
[Thu Sep 26 15:31:15.555 2013] 0.000 sec [all/2/rel 2 (0,20)] [property_core] *["For Rent"]*
[Thu Sep 26 15:32:28.909 2013] 0.000 sec [all/2/rel 2 (0,20)] [property_core] *["For Rent"]*
[Thu Sep 26 15:37:47.857 2013] 0.001 sec [all/2/rel 2 (0,20)] [property_core] *["For Rent"]*
[Thu Sep 26 15:38:35.644 2013] 0.000 sec [all/2/rel 2 (0,20)] [property_core] *["For Rent"]*
[Thu Sep 26 15:39:22.135 2013] 0.001 sec [all/2/rel 2 (0,20)] [property_core] *["For Rent"]*
[Thu Sep 26 15:39:47.533 2013] 0.000 sec [all/2/rel 2 (0,20)] [property_core] *["For Rent"]*
[Thu Sep 26 15:40:30.009 2013] 0.000 sec [all/2/rel 2 (0,20)] [property_core] *["For Rent"]*
[Thu Sep 26 15:41:19.409 2013] 0.000 sec [all/2/rel 2 (0,20)] [property_core] *["For Rent"]*
[Thu Sep 26 15:41:47.220 2013] 0.001 sec [all/2/rel 2 (0,20)] [property_core] *["For Rent"]*
[Thu Sep 26 15:41:55.309 2013] 0.000 sec [all/2/rel 2 (0,20)] [property_core] *["For Rent"]*
[Thu Sep 26 15:52:00.272 2013] 0.001 sec [all/2/rel 2 (0,20)] [property_core] *["For Rent"]*
[Thu Sep 26 15:56:33.387 2013] 0.000 sec [all/2/rel 2 (0,20)] [property_core] *["For Rent"]*
[Thu Sep 26 15:57:26.536 2013] 0.000 sec [all/2/rel 2 (0,20)] [property_core] *["For Rent"]*
[Thu Sep 26 15:59:19.501 2013] 0.000 sec [all/2/rel 2 (0,20)] [property_core] *["For Rent"]*
[Thu Sep 26 16:00:05.961 2013] 0.000 sec [all/2/rel 2 (0,20)] [property_core] *["For Rent"]*
[Thu Sep 26 16:00:42.202 2013] 0.001 sec [all/2/rel 2 (0,20)] [property_core] *["For Rent"]*
[Thu Sep 26 16:01:09.191 2013] 0.001 sec [all/2/rel 2 (0,20)] [property_core] *["For Rent"]*
[Thu Sep 26 16:01:48.247 2013] 0.001 sec [all/2/rel 2 (0,20)] [property_core] *["For Rent"]*
[Thu Sep 26 16:02:09.413 2013] 0.000 sec [all/2/rel 2 (0,20)] [property_core] *["For Rent"]*
[Thu Sep 26 16:03:04.150 2013] 0.000 sec [all/2/rel 2 (0,20)] [property_core] *["For Rent"]*
[Thu Sep 26 16:03:09.508 2013] 0.000 sec [all/2/rel 2 (0,20)] [property_core] *["For Rent"]*
[Thu Sep 26 16:03:28.322 2013] 0.000 sec [all/2/rel 2 (0,20)] [property_core] *["For Rent"]*
[Thu Sep 26 16:04:28.689 2013] 0.000 sec [all/2/rel 2 (0,20)] [property_core] *["For Rent"]*
[Thu Sep 26 16:05:06.074 2013] 0.000 sec [all/2/rel 2 (0,20)] [property_core] *["For Rent"]*
[Thu Sep 26 16:05:12.657 2013] 0.000 sec [all/2/rel 2 (0,20)] [property_core] *["For Rent"]*
[Thu Sep 26 16:05:58.791 2013] 0.000 sec [all/2/rel 2 (0,20)] [property_core] *["For Rent"]*
[Thu Sep 26 16:06:49.258 2013] 0.000 sec [all/2/rel 2 (0,20)] [property_core] *["For Rent"]*
[Thu Sep 26 16:07:03.793 2013] 0.000 sec [all/2/rel 2 (0,20)] [property_core] *["For Rent"]*
[Thu Sep 26 16:07:25.536 2013] 0.000 sec [all/2/rel 2 (0,20)] [property_core] *["For Rent"]*
[Thu Sep 26 16:07:34.958 2013] 0.000 sec [all/2/rel 2 (0,20)] [property_core] *["For Rent"]*
[Thu Sep 26 16:08:05.992 2013] 0.001 sec [all/2/rel 2 (0,20)] [property_core] *["For Rent"]*
[Thu Sep 26 16:08:40.314 2013] 0.001 sec [all/2/rel 2 (0,20)] [property_core] *["For Rent"]*
[Thu Sep 26 16:11:10.182 2013] 0.000 sec [all/2/rel 2 (0,20)] [property_core] *["For Rent"]*
[Thu Sep 26 16:12:37.317 2013] 0.000 sec [all/2/rel 2 (0,20)] [property_core] *["For Rent"]*
[Thu Sep 26 16:12:59.124 2013] 0.000 sec [all/2/rel 2 (0,20)] [property_core] *["For Rent"]*
[Thu Sep 26 16:15:53.216 2013] 0.000 sec [all/2/rel 2 (0,20)] [property_core] *["For Rent"]*
[Thu Sep 26 16:16:19.527 2013] 0.000 sec [all/2/rel 2 (0,20)] [property_core] *["For Rent"]*
[Thu Sep 26 16:19:52.323 2013] 0.000 sec [all/2/rel 2 (0,20)] [property_core] *["For Rent"]*
[Thu Sep 26 16:20:10.894 2013] 0.000 sec [all/2/rel 2 (0,20)] [property_core] *["For Rent"]*
[Thu Sep 26 16:21:04.225 2013] 0.000 sec [all/2/rel 2 (0,20)] [property_core] *["For Rent"]*
[Thu Sep 26 16:21:12.040 2013] 0.000 sec [all/2/rel 2 (0,20)] [property_core] *["For Rent"]*
[Thu Sep 26 16:22:11.694 2013] 0.000 sec [all/2/rel 2 (0,20)] [property_core] *["For Rent"]*
[Thu Sep 26 16:22:28.008 2013] 0.000 sec [all/2/rel 2 (0,20)] [property_core] *["For Rent"]*
[Thu Sep 26 16:29:29.909 2013] 0.000 sec [all/2/rel 2 (0,20)] [property_core] *["For Rent"]*
[Thu Sep 26 16:30:20.070 2013] 0.000 sec [all/2/rel 2 (0,20)] [property_core] *["For Rent"]*
[Thu Sep 26 16:30:20.598 2013] 0.001 sec [all/2/rel 2 (0,20)] [property_core] *["For Rent"]*
[Thu Sep 26 16:34:54.036 2013] 0.000 sec [all/2/rel 2 (0,20)] [property_core] *["For Rent"]*
[Thu Sep 26 16:36:22.569 2013] 0.000 sec [all/2/rel 2 (0,20)] [property_core] *["For Rent"]*
[Thu Sep 26 16:36:56.927 2013] 0.000 sec [all/2/rel 2 (0,20)] [property_core] *["For Rent"]*
[Thu Sep 26 16:37:13.883 2013] 0.000 sec [all/2/rel 2 (0,20)] [property_core] *["For Rent"]*
[Thu Sep 26 16:37:21.955 2013] 0.001 sec [all/2/rel 2 (0,20)] [property_core] *["For Rent"]*
[Thu Sep 26 16:37:44.003 2013] 0.000 sec [all/2/rel 2 (0,20)] [property_core] *["For Rent"]*
[Thu Sep 26 16:38:46.552 2013] 0.000 sec [all/2/rel 2 (0,20)] [property_core] *["For Rent"]*
[Thu Sep 26 16:46:30.146 2013] 0.001 sec [all/2/rel 2 (0,20)] [property_core] *["For Rent"]*
[Thu Sep 26 16:53:37.862 2013] 0.000 sec [all/2/rel 2 (0,20)] [property_core] *["For Rent"]*
[Thu Sep 26 16:54:16.292 2013] 0.000 sec [all/2/rel 2 (0,20)] [property_core] *["For Rent"]*
[Thu Sep 26 16:55:18.383 2013] 0.000 sec [all/2/rel 2 (0,20)] [property_core] *["For Rent"]*
[Thu Sep 26 16:58:25.831 2013] 0.000 sec [all/2/rel 2 (0,20)] [property_core] *["For Rent"]*
[Thu Sep 26 17:01:52.255 2013] 0.000 sec [all/2/rel 2 (0,20)] [property_core] *["For Rent"]*
[Thu Sep 26 17:03:15.766 2013] 0.001 sec [all/2/rel 2 (0,20)] [property_core] *["For Rent"]*
[Thu Sep 26 17:04:06.058 2013] 0.001 sec [all/2/rel 2 (0,20)] [property_core] *["For Rent"]*
[Thu Sep 26 17:05:38.322 2013] 0.000 sec [all/2/rel 2 (0,20)] [property_core] *["For Rent"]*
[Thu Sep 26 17:05:59.680 2013] 0.000 sec [all/2/rel 2 (0,20)] [property_core] *["For Rent"]*
[Thu Sep 26 17:06:27.035 2013] 0.001 sec [all/2/rel 2 (0,20)] [property_core] *["For Rent"]*
[Thu Sep 26 17:09:38.728 2013] 0.000 sec [all/2/rel 2 (0,20)] [property_core] *["For Rent"]*
[Thu Sep 26 17:10:34.097 2013] 0.001 sec [all/2/rel 2 (0,20)] [property_core] *["For Rent"]*
[Thu Sep 26 17:11:55.963 2013] 0.001 sec [all/2/rel 2 (0,20)] [property_core] *["For Rent"]*
[Thu Sep 26 17:12:17.220 2013] 0.000 sec [all/2/rel 2 (0,20)] [property_core] *["For Rent"]*
[Thu Sep 26 17:14:35.833 2013] 0.000 sec [all/2/rel 2 (0,20)] [property_core] *["For Rent"]*
[Thu Sep 26 17:16:53.415 2013] 0.000 sec [all/2/rel 2 (0,20)] [property_core] *["For Rent"]*
[Thu Sep 26 17:17:06.628 2013] 0.000 sec [all/2/rel 2 (0,20)] [property_core] *["For Rent"]*
[Thu Sep 26 17:17:46.609 2013] 0.000 sec [all/2/rel 2 (0,20)] [property_core] *["For Rent"]*
[Thu Sep 26 17:20:30.037 2013] 0.000 sec [all/2/rel 2 (0,20)] [property_core] *["For Rent"]*
[Thu Sep 26 17:23:32.129 2013] 0.000 sec [all/2/rel 2 (0,20)] [property_core] *["For Rent"]*
[Thu Sep 26 17:24:08.363 2013] 0.001 sec [all/2/rel 2 (0,20)] [property_core] *["For Rent"]*
[Thu Sep 26 17:24:29.678 2013] 0.000 sec [all/2/rel 2 (0,20)] [property_core] *["For Rent"]*
[Thu Sep 26 17:24:43.224 2013] 0.001 sec [all/2/rel 2 (0,20)] [property_core] *["For Rent"]*
[Thu Sep 26 17:26:00.008 2013] 0.000 sec [all/2/rel 2 (0,20)] [property_core] *["For Rent"]*
[Thu Sep 26 17:26:09.311 2013] 0.001 sec [all/2/rel 2 (0,20)] [property_core] *["For Rent"]*
[Thu Sep 26 17:26:38.305 2013] 0.000 sec [all/2/rel 2 (0,20)] [property_core] *["For Rent"]*
[Thu Sep 26 17:27:39.764 2013] 0.000 sec [all/2/rel 2 (0,20)] [property_core] *["For Rent"]*
[Thu Sep 26 17:28:19.349 2013] 0.000 sec [all/2/rel 2 (0,20)] [property_core] *["For Rent"]*
[Thu Sep 26 17:32:15.514 2013] 0.001 sec [all/2/rel 2 (0,20)] [property_core] *["For Rent"]*
[Thu Sep 26 17:34:28.366 2013] 0.001 sec [all/2/rel 2 (0,20)] [property_core] *["For Rent"]*
[Thu Sep 26 17:35:26.587 2013] 0.001 sec [all/2/rel 2 (0,20)] [property_core] *["For Rent"]*
[Thu Sep 26 17:37:49.852 2013] 0.001 sec [all/2/rel 2 (0,20)] [property_core] *["For Rent"]*
[Thu Sep 26 17:41:23.305 2013] 0.000 sec [all/2/rel 2 (0,20)] [property_core] *["For Rent"]*
[Thu Sep 26 17:43:49.119 2013] 0.001 sec [all/2/rel 2 (0,20)] [property_core] *["For Rent"]*
[Thu Sep 26 17:46:10.086 2013] 0.000 sec [all/2/rel 2 (0,20)] [property_core] *["For Rent"]*
[Thu Sep 26 17:46:43.100 2013] 0.001 sec [all/2/rel 2 (0,20)] [property_core] *["For Rent"]*
[Thu Sep 26 17:47:05.398 2013] 0.001 sec [all/2/rel 2 (0,20)] [property_core] *["For Rent"]*
[Thu Sep 26 17:47:43.734 2013] 0.000 sec [all/2/rel 2 (0,20)] [property_core] *["For Rent"]*
[Thu Sep 26 17:49:32.063 2013] 0.000 sec [all/2/rel 2 (0,20)] [property_core] *["For Rent"]*
[Thu Sep 26 17:50:00.128 2013] 0.000 sec [all/2/rel 2 (0,20)] [property_core] *["For Rent"]*
[Thu Sep 26 17:50:45.810 2013] 0.001 sec [all/2/rel 2 (0,20)] [property_core] *["For Rent"]*
[Thu Sep 26 17:51:00.085 2013] 0.000 sec [all/2/rel 2 (0,20)] [property_core] *["For Rent"]*
[Thu Sep 26 17:51:17.173 2013] 0.000 sec [all/2/rel 2 (0,20)] [property_core] *["For Rent"]*
[Thu Sep 26 17:52:26.230 2013] 0.001 sec [all/2/rel 2 (0,20)] [property_core] *["For Rent"]*
[Thu Sep 26 17:55:59.881 2013] 0.000 sec [all/2/rel 2 (0,20)] [property_core] *["For Rent"]*
[Thu Sep 26 17:56:26.001 2013] 0.000 sec [all/2/rel 2 (0,20)] [property_core] *["For Rent"]*
[Thu Sep 26 17:58:20.432 2013] 0.000 sec [all/2/rel 2 (0,20)] [property_core] *["For Rent"]*
[Thu Sep 26 17:59:48.706 2013] 0.001 sec [all/2/rel 2 (0,20)] [property_core] *["For Rent"]*
[Thu Sep 26 18:01:26.670 2013] 0.000 sec [all/2/rel 2 (0,20)] [property_core] *["For Rent"]*
[Thu Sep 26 18:01:47.171 2013] 0.000 sec [all/2/rel 2 (0,20)] [property_core] *["For Rent"]*
[Thu Sep 26 18:02:15.251 2013] 0.001 sec [all/2/rel 2 (0,20)] [property_core] *["For Rent"]*
[Thu Sep 26 18:03:04.283 2013] 0.000 sec [all/2/rel 2 (0,20)] [property_core] *["For Rent"]*
[Thu Sep 26 18:03:34.082 2013] 0.001 sec [all/2/rel 2 (0,20)] [property_core] *["For Rent"]*
[Thu Sep 26 18:04:16.499 2013] 0.000 sec [all/2/rel 2 (0,20)] [property_core] *["For Rent"]*
[Thu Sep 26 18:05:15.464 2013] 0.000 sec [all/2/rel 2 (0,20)] [property_core] *["For Rent"]*
[Thu Sep 26 18:05:36.651 2013] 0.000 sec [all/2/rel 2 (0,20)] [property_core] *["For Rent"]*
[Thu Sep 26 18:05:59.916 2013] 0.001 sec [all/2/rel 2 (0,20)] [property_core] *["For Rent"]*
[Thu Sep 26 18:09:38.982 2013] 0.000 sec [all/2/rel 2 (0,20)] [property_core] *["For Rent"]*
[Thu Sep 26 18:11:43.173 2013] 0.000 sec [all/2/rel 2 (0,20)] [property_core] *["For Rent"]*
[Thu Sep 26 18:12:01.351 2013] 0.000 sec [all/2/rel 2 (0,20)] [property_core] *["For Rent"]*
[Thu Sep 26 18:13:53.871 2013] 0.001 sec [all/2/rel 2 (0,20)] [property_core] *["For Rent"]*
[Thu Sep 26 18:19:26.990 2013] 0.001 sec [all/2/rel 2 (0,20)] [property_core] *["For Rent"]*
[Thu Sep 26 18:20:53.565 2013] 0.001 sec [all/2/rel 2 (0,20)] [property_core] *["For Rent"]*
[Thu Sep 26 18:22:54.803 2013] 0.001 sec [all/2/rel 2 (0,20)] [property_core] *["For Rent"]*
[Thu Sep 26 18:24:31.372 2013] 0.000 sec [all/2/rel 2 (0,20)] [property_core] *["For Rent"]*
[Thu Sep 26 18:27:29.116 2013] 0.000 sec [all/2/rel 2 (0,20)] [property_core] *["For Rent"]*
[Thu Sep 26 18:28:14.311 2013] 0.001 sec [all/2/rel 2 (0,20)] [property_core] *["For Rent"]*
[Thu Sep 26 18:29:56.079 2013] 0.001 sec [all/2/rel 2 (0,20)] [property_core] *["For Rent"]*
[Thu Sep 26 18:30:11.576 2013] 0.000 sec [all/2/rel 2 (0,20)] [property_core] *["For Rent"]*
[Thu Sep 26 18:30:32.471 2013] 0.000 sec [all/2/rel 2 (0,20)] [property_core] *["For Rent"]*
[Thu Sep 26 18:30:43.151 2013] 0.000 sec [all/2/rel 2 (0,20)] [property_core] *["For Rent"]*
[Thu Sep 26 18:31:05.646 2013] 0.001 sec [all/2/rel 2 (0,20)] [property_core] *["For Rent"]*
[Thu Sep 26 18:33:31.064 2013] 0.000 sec [all/2/rel 2 (0,20)] [property_core] *["For Rent"]*
[Thu Sep 26 18:33:35.501 2013] 0.000 sec [all/2/rel 2 (0,20)] [property_core] *["For Rent"]*
[Thu Sep 26 18:33:35.749 2013] 0.000 sec [all/2/rel 2 (0,20)] [property_core] *["For Rent"]*
[Thu Sep 26 18:33:35.953 2013] 0.000 sec [all/2/rel 2 (0,20)] [property_core] *["For Rent"]*
[Thu Sep 26 18:33:36.126 2013] 0.000 sec [all/2/rel 2 (0,20)] [property_core] *["For Rent"]*
[Thu Sep 26 18:34:48.737 2013] 0.000 sec [all/2/rel 2 (0,20)] [property_core] *["For Rent"]*
[Thu Sep 26 18:36:00.756 2013] 0.000 sec [all/2/rel 2 (0,20)] [property_core] *["For Rent"]*
[Thu Sep 26 18:36:34.571 2013] 0.000 sec [all/2/rel 2 (0,20)] [property_core] *["For Rent"]*
[Thu Sep 26 18:37:00.302 2013] 0.001 sec [all/2/rel 2 (0,20)] [property_core] *["For Rent"]*
[Thu Sep 26 18:37:17.072 2013] 0.000 sec [all/2/rel 2 (0,20)] [property_core] *["For Rent"]*
[Thu Sep 26 18:37:49.564 2013] 0.000 sec [all/2/rel 2 (0,20)] [property_core] *["For Rent"]*
[Thu Sep 26 18:42:57.522 2013] 0.000 sec [all/2/rel 2 (0,20)] [property_core] *["For Rent"]*
[Thu Sep 26 18:44:56.656 2013] 0.001 sec [all/2/rel 2 (0,20)] [property_core] *["For Rent"]*
[Thu Sep 26 18:45:17.767 2013] 0.000 sec [all/2/rel 2 (0,20)] [property_core] *["For Rent"]*
[Thu Sep 26 18:50:45.164 2013] 0.000 sec [all/2/rel 2 (0,20)] [property_core] *["For Rent"]*
[Thu Sep 26 18:51:02.156 2013] 0.001 sec [all/2/rel 2 (0,20)] [property_core] *["For Rent"]*
[Thu Sep 26 18:51:06.182 2013] 0.001 sec [all/2/rel 2 (0,20)] [property_core] *["For Rent"]*
[Thu Sep 26 18:51:06.412 2013] 0.000 sec [all/2/rel 2 (0,20)] [property_core] *["For Rent"]*
[Thu Sep 26 18:51:06.564 2013] 0.000 sec [all/2/rel 2 (0,20)] [property_core] *["For Rent"]*
[Thu Sep 26 19:18:19.479 2013] 0.001 sec [all/2/rel 2 (0,20)] [property_core] *["For Rent"]*
[Thu Sep 26 19:18:39.263 2013] 0.000 sec [all/2/rel 2 (0,20)] [property_core] *["For Rent"]*
[Thu Sep 26 19:23:20.952 2013] 0.000 sec [all/2/rel 2 (0,20)] [property_core] *["For Rent"]*
[Thu Sep 26 19:24:03.868 2013] 0.001 sec [all/2/rel 2 (0,20)] [property_core] *["For Rent"]*
[Thu Sep 26 19:24:45.529 2013] 0.000 sec [all/2/rel 2 (0,20)] [property_core] *["For Rent"]*
[Thu Sep 26 19:24:47.149 2013] 0.000 sec [all/2/rel 2 (0,20)] [property_core] *["For Rent"]*
[Thu Sep 26 19:25:22.050 2013] 0.000 sec [all/2/rel 0 (0,20)] [property_core] *[]*
[Thu Sep 26 19:25:38.215 2013] 0.001 sec [all/2/rel 2 (0,20)] [property_core] *["For Rent"]*
[Thu Sep 26 19:25:54.661 2013] 0.000 sec [all/2/rel 2 (0,20)] [property_core] *["For Rent"]*
[Thu Sep 26 19:28:38.120 2013] 0.000 sec [all/2/rel 2 (0,20)] [property_core] *["For Rent"]*
[Thu Sep 26 19:29:00.094 2013] 0.001 sec [all/2/rel 2 (0,20)] [property_core] *["For Rent"]*
[Thu Sep 26 19:32:11.964 2013] 0.000 sec [all/2/rel 2 (0,20)] [property_core] *["For Rent"]*
[Thu Sep 26 19:32:25.861 2013] 0.001 sec [all/2/rel 2 (0,20)] [property_core] *["For Rent"]*
[Thu Sep 26 19:33:38.834 2013] 0.001 sec [all/2/rel 2 (0,20)] [property_core] *["For Rent"]*
[Thu Sep 26 19:34:28.817 2013] 0.000 sec [all/2/rel 2 (0,20)] [property_core] *["For Rent"]*
[Thu Sep 26 19:37:00.377 2013] 0.000 sec [all/2/rel 2 (0,20)] [property_core] *["For Rent"]*
[Thu Sep 26 19:37:11.929 2013] 0.000 sec [all/2/rel 2 (0,20)] [property_core] *["For Rent"]*
[Thu Sep 26 19:37:56.751 2013] 0.000 sec [all/2/rel 2 (0,20)] [property_core] *["For Rent"]*
[Thu Sep 26 19:38:33.817 2013] 0.000 sec [all/2/rel 2 (0,20)] [property_core] *["For Rent"]*
[Thu Sep 26 19:45:42.817 2013] 0.000 sec [all/2/rel 2 (0,20)] [property_core] *["For Rent"]*
[Thu Sep 26 19:46:00.952 2013] 0.000 sec [all/2/rel 2 (0,20)] [property_core] *["For Rent"]*
[Thu Sep 26 19:47:04.358 2013] 0.000 sec [all/2/rel 2 (0,20)] [property_core] *["For Rent"]*
[Thu Sep 26 19:50:42.656 2013] 0.000 sec [all/2/rel 2 (0,20)] [property_core] *["For Rent"]*
[Thu Sep 26 19:53:55.674 2013] 0.000 sec [all/2/rel 2 (0,20)] [property_core] *["For Rent"]*
[Thu Sep 26 19:54:43.216 2013] 0.000 sec [all/2/rel 2 (0,20)] [property_core] *["For Rent"]*
[Thu Sep 26 19:55:05.065 2013] 0.000 sec [all/2/rel 2 (0,20)] [property_core] *["For Rent"]*
[Thu Sep 26 19:55:14.420 2013] 0.000 sec [all/2/rel 2 (0,20)] [property_core] *["For Rent"]*
[Thu Sep 26 19:55:53.723 2013] 0.000 sec [all/2/rel 2 (0,20)] [property_core] *["For Rent"]*
[Thu Sep 26 19:59:39.177 2013] 0.000 sec [all/2/rel 2 (0,20)] [property_core] *["For Rent"]*
[Thu Sep 26 20:00:10.767 2013] 0.000 sec [all/2/rel 2 (0,20)] [property_core] *["For Rent"]*
[Thu Sep 26 20:00:25.825 2013] 0.000 sec [all/2/rel 2 (0,20)] [property_core] *["For Rent"]*
[Thu Sep 26 20:01:17.460 2013] 0.000 sec [all/2/rel 2 (0,20)] [property_core] *["For Rent"]*
[Thu Sep 26 20:04:13.869 2013] 0.000 sec [all/2/rel 2 (0,20)] [property_core] *["For Rent"]*
[Thu Sep 26 20:06:04.790 2013] 0.000 sec [all/2/rel 2 (0,20)] [property_core] *["For Rent"]*
[Thu Sep 26 20:09:12.137 2013] 0.000 sec [all/2/rel 2 (0,20)] [property_core] *["For Rent"]*
[Thu Sep 26 20:09:19.512 2013] 0.001 sec [all/2/rel 2 (0,20)] [property_core] *["For Rent"]*
[Thu Sep 26 20:09:40.699 2013] 0.001 sec [all/2/rel 2 (0,20)] [property_core] *["For Rent"]*
[Thu Sep 26 20:19:29.818 2013] 0.001 sec [all/2/rel 2 (0,20)] [property_core] *["For Rent"]*
[Thu Sep 26 20:42:21.135 2013] 0.000 sec [all/2/rel 2 (0,20)] [property_core] *["For Rent"]*
[Thu Sep 26 20:42:44.460 2013] 0.000 sec [all/2/rel 2 (0,20)] [property_core] *["For Rent"]*
[Thu Sep 26 20:42:58.007 2013] 0.000 sec [all/2/rel 2 (0,20)] [property_core] *["For Rent"]*
[Thu Sep 26 20:43:11.529 2013] 0.000 sec [all/2/rel 2 (0,20)] [property_core] *["For Rent"]*
[Thu Sep 26 20:43:22.984 2013] 0.000 sec [all/2/rel 2 (0,20)] [property_core] *["For Rent"]*
[Thu Sep 26 20:43:30.527 2013] 0.001 sec [all/2/rel 2 (0,20)] [property_core] *["For Rent"]*
[Thu Sep 26 20:44:03.312 2013] 0.001 sec [all/2/rel 2 (0,20)] [property_core] *["For Rent"]*
[Thu Sep 26 20:44:54.766 2013] 0.001 sec [all/2/rel 2 (0,20)] [property_core] *["For Rent"]*
[Thu Sep 26 20:45:03.072 2013] 0.000 sec [all/2/rel 2 (0,20)] [property_core] *["For Rent"]*
[Thu Sep 26 21:43:34.914 2013] 0.000 sec [all/2/rel 2 (0,20)] [property_core] *["For Rent"]*
[Thu Sep 26 21:50:50.680 2013] 0.001 sec [all/2/rel 2 (0,20)] [property_core] *["For Rent"]*
[Thu Sep 26 21:51:04.777 2013] 0.001 sec [all/2/rel 2 (0,20)] [property_core] *["For Rent"]*
[Thu Sep 26 21:52:40.263 2013] 0.000 sec [all/2/rel 2 (0,20)] [property_core] *["For Rent"]*
[Thu Sep 26 22:02:34.728 2013] 0.000 sec [all/2/rel 2 (0,20)] [property_core] *["For Rent"]*
[Thu Sep 26 22:02:50.505 2013] 0.001 sec [all/2/rel 2 (0,20)] [property_core] *["For Rent"]*
[Thu Sep 26 22:03:36.107 2013] 0.000 sec [all/2/rel 2 (0,20)] [property_core] *["For Rent"]*
[Thu Sep 26 22:05:13.213 2013] 0.001 sec [all/2/rel 2 (0,20)] [property_core] *["For Rent"]*
[Thu Sep 26 22:06:54.079 2013] 0.000 sec [all/2/rel 2 (0,20)] [property_core] *["For Rent"]*
[Thu Sep 26 22:08:28.511 2013] 0.000 sec [all/2/rel 2 (0,20)] [property_core] *["For Rent"]*
[Thu Sep 26 22:17:15.354 2013] 0.000 sec [all/2/rel 0 (0,20)] [property_core] *["For Sale"]*
[Thu Sep 26 22:17:36.405 2013] 0.001 sec [all/2/rel 2 (0,20)] [property_core] *["For Rent"]*
[Thu Sep 26 22:22:48.896 2013] 0.001 sec [all/2/rel 2 (0,20)] [property_core] *["For Rent"]*
[Thu Sep 26 22:26:10.681 2013] 0.001 sec [all/2/rel 2 (0,20)] [property_core] *["For Rent"]*
[Thu Sep 26 22:28:32.392 2013] 0.001 sec [all/2/rel 2 (0,20)] [property_core] *["For Rent"]*
[Thu Sep 26 22:28:59.631 2013] 0.000 sec [all/2/rel 2 (0,20)] [property_core] *["For Rent"]*
[Thu Sep 26 22:31:40.877 2013] 0.000 sec [all/2/rel 2 (0,20)] [property_core] *["For Rent"]*
[Thu Sep 26 22:32:10.718 2013] 0.001 sec [all/2/rel 2 (0,20)] [property_core] *["For Rent"]*
[Thu Sep 26 22:33:06.853 2013] 0.001 sec [all/2/rel 2 (0,20)] [property_core] *["For Rent"]*
[Thu Sep 26 22:34:46.432 2013] 0.001 sec [all/2/rel 2 (0,20)] [property_core] *["For Rent"]*
[Thu Sep 26 22:38:07.815 2013] 0.001 sec [all/2/rel 2 (0,20)] [property_core] *["For Rent"]*
[Thu Sep 26 22:42:42.940 2013] 0.000 sec [all/2/rel 2 (0,20)] [property_core] *["For Rent"]*
[Thu Sep 26 22:44:01.618 2013] 0.001 sec [all/2/rel 2 (0,20)] [property_core] *["For Rent"]*
[Thu Sep 26 22:47:10.550 2013] 0.000 sec [all/2/rel 2 (0,20)] [property_core] *["For Rent"]*
[Thu Sep 26 22:52:25.324 2013] 0.001 sec [all/2/rel 2 (0,20)] [property_core] *["For Rent"]*
[Thu Sep 26 22:53:06.004 2013] 0.000 sec [all/2/rel 2 (0,20)] [property_core] *["For Rent"]*
[Thu Sep 26 22:53:16.286 2013] 0.001 sec [all/2/rel 2 (0,20)] [property_core] *["For Rent"]*
[Thu Sep 26 22:58:43.891 2013] 0.000 sec [all/2/rel 2 (0,20)] [property_core] *["For Rent"]*
[Thu Sep 26 22:59:06.560 2013] 0.000 sec [all/2/rel 2 (0,20)] [property_core] *["For Rent"]*
[Thu Sep 26 23:00:27.654 2013] 0.001 sec [all/2/rel 2 (0,20)] [property_core] *["For Rent"]*
[Thu Sep 26 23:00:58.615 2013] 0.000 sec [all/2/rel 2 (0,20)] [property_core] *["For Rent"]*
[Thu Sep 26 23:04:54.484 2013] 0.000 sec [all/2/rel 2 (0,20)] [property_core] *["For Rent"]*
[Thu Sep 26 23:05:26.928 2013] 0.001 sec [all/2/rel 2 (0,20)] [property_core] *["For Rent"]*
[Thu Sep 26 23:05:52.846 2013] 0.000 sec [all/2/rel 2 (0,20)] [property_core] *["For Rent"]*
[Thu Sep 26 23:06:23.339 2013] 0.001 sec [all/2/rel 2 (0,20)] [property_core] *["For Rent"]*
[Thu Sep 26 23:07:00.016 2013] 0.001 sec [all/2/rel 2 (0,20)] [property_core] *["For Rent"]*
[Thu Sep 26 23:07:43.241 2013] 0.001 sec [all/2/rel 2 (0,20)] [property_core] *["For Rent"]*
[Thu Sep 26 23:11:02.541 2013] 0.001 sec [all/2/rel 2 (0,20)] [property_core] *["For Rent"]*
[Thu Sep 26 23:12:34.275 2013] 0.000 sec [all/2/rel 2 (0,20)] [property_core] *["For Rent"]*
[Thu Sep 26 23:15:00.742 2013] 0.000 sec [all/2/rel 2 (0,20)] [property_core] *["For Rent"]*
[Thu Sep 26 23:15:21.326 2013] 0.000 sec [all/2/rel 2 (0,20)] [property_core] *["For Rent"]*
[Thu Sep 26 23:15:34.464 2013] 0.000 sec [all/2/rel 2 (0,20)] [property_core] *["For Rent"]*
[Thu Sep 26 23:16:26.229 2013] 0.000 sec [all/2/rel 2 (0,20)] [property_core] *["For Rent"]*
[Fri Sep 27 09:55:18.390 2013] 0.038 sec [all/2/rel 2 (0,20)] [property_core] *["For Rent"]*
[Fri Sep 27 09:56:42.007 2013] 0.000 sec [all/2/rel 2 (0,20)] [property_core] *["For Rent"]*
[Fri Sep 27 09:56:49.197 2013] 0.000 sec [all/2/rel 2 (0,20)] [property_core] *["For Rent"]*
[Fri Sep 27 09:57:57.719 2013] 0.001 sec [all/2/rel 2 (0,20)] [property_core] *["For Rent"]*
[Fri Sep 27 09:59:17.445 2013] 0.000 sec [all/2/rel 2 (0,20)] [property_core] *["For Rent"]*
[Fri Sep 27 09:59:29.206 2013] 0.000 sec [all/2/rel 2 (0,20)] [property_core] *["For Rent"]*
[Fri Sep 27 09:59:54.753 2013] 0.000 sec [all/2/rel 2 (0,20)] [property_core] *["For Rent"]*
[Fri Sep 27 10:00:33.315 2013] 0.000 sec [all/2/rel 0 (0,20)] [property_core] *[]*
[Fri Sep 27 10:00:45.610 2013] 0.000 sec [all/2/rel 0 (0,20)] [property_core] *[]*
[Fri Sep 27 10:01:46.121 2013] 0.000 sec [all/2/rel 2 (0,20)] [property_core] *["For Rent"]*
[Fri Sep 27 10:06:53.170 2013] 0.000 sec [all/2/rel 2 (0,20)] [property_core] *["For Rent"]*
[Fri Sep 27 10:13:53.910 2013] 0.001 sec [all/2/rel 2 (0,20)] [property_core] *["For Rent"]*
[Fri Sep 27 10:15:07.065 2013] 0.000 sec [all/2/rel 2 (0,20)] [property_core] *["For Rent"]*
[Fri Sep 27 10:15:27.028 2013] 0.001 sec [all/2/rel 2 (0,20)] [property_core] *["For Rent"]*
[Fri Sep 27 10:17:03.734 2013] 0.000 sec [all/2/rel 2 (0,20)] [property_core] *["For Rent"]*
[Fri Sep 27 10:20:34.794 2013] 0.000 sec [all/2/rel 2 (0,20)] [property_core] *["For Rent"]*
[Fri Sep 27 10:25:18.568 2013] 0.000 sec [all/2/rel 2 (0,20)] [property_core] *["For Rent"]*
[Fri Sep 27 10:25:39.139 2013] 0.001 sec [all/2/rel 2 (0,20)] [property_core] *["For Rent"]*
[Fri Sep 27 10:26:48.135 2013] 0.001 sec [all/2/rel 2 (0,20)] [property_core] *["For Rent"]*
[Fri Sep 27 10:27:14.920 2013] 0.000 sec [all/2/rel 2 (0,20)] [property_core] *["For Rent"]*
[Fri Sep 27 10:27:52.779 2013] 0.000 sec [all/2/rel 2 (0,20)] [property_core] *["For Rent"]*
[Fri Sep 27 10:28:21.618 2013] 0.000 sec [all/2/rel 2 (0,20)] [property_core] *["For Rent"]*
[Fri Sep 27 10:29:31.945 2013] 0.001 sec [all/2/rel 2 (0,20)] [property_core] *["For Rent"]*
[Fri Sep 27 10:30:02.837 2013] 0.001 sec [all/2/rel 2 (0,20)] [property_core] *["For Rent"]*
[Fri Sep 27 11:18:14.462 2013] 0.001 sec [all/2/rel 2 (0,20)] [property_core] *["For Rent"]*
[Fri Sep 27 11:18:35.537 2013] 0.000 sec [all/2/rel 1 (0,20)] [property_core] *["For Rent", "Apartment"]*
[Fri Sep 27 11:18:46.785 2013] 0.001 sec [all/2/rel 1 (0,20)] [property_core] *["For Rent", "Villa"]*
[Fri Sep 27 11:19:00.015 2013] 0.001 sec [all/2/rel 2 (0,20)] [property_core] *["For Rent"]*
[Fri Sep 27 11:19:37.945 2013] 0.000 sec [all/2/rel 2 (0,20)] [property_core] *["For Rent"]*
[Fri Sep 27 11:21:51.401 2013] 0.000 sec [all/2/rel 2 (0,20)] [property_core] *["For Rent"]*
[Fri Sep 27 11:22:26.601 2013] 0.000 sec [all/2/rel 2 (0,20)] [property_core] *["For Rent"]*
[Fri Sep 27 11:22:37.703 2013] 0.000 sec [all/2/rel 0 (0,20)] [property_core] *["For Sale"]*
[Fri Sep 27 11:22:46.611 2013] 0.001 sec [all/2/rel 2 (0,20)] [property_core] *["For Rent"]*
[Fri Sep 27 11:23:40.672 2013] 0.001 sec [all/2/rel 2 (0,20)] [property_core] *["For Rent"]*
[Fri Sep 27 11:27:14.004 2013] 0.000 sec [all/2/rel 7 (0,20)] [property_core] *["For Rent"]*
[Fri Sep 27 11:28:03.646 2013] 0.000 sec [all/2/rel 7 (0,20)] [property_core] *["For Rent"]*
[Fri Sep 27 11:28:21.920 2013] 0.001 sec [all/2/rel 7 (0,20)] [property_core] *["For Rent"]*
[Fri Sep 27 11:30:13.642 2013] 0.000 sec [all/2/rel 7 (0,20)] [property_core] *["For Rent"]*
[Fri Sep 27 11:32:52.341 2013] 0.000 sec [all/2/rel 7 (0,20)] [property_core] *["For Rent"]*
[Fri Sep 27 11:36:31.772 2013] 0.000 sec [all/2/rel 7 (0,20)] [property_core] *["For Rent"]*
[Fri Sep 27 11:37:46.445 2013] 0.000 sec [all/2/rel 7 (0,20)] [property_core] *["For Rent"]*
[Fri Sep 27 11:37:55.346 2013] 0.001 sec [all/2/rel 7 (0,20)] [property_core] *["For Rent"]*
[Fri Sep 27 11:37:56.833 2013] 0.000 sec [all/2/rel 7 (0,20)] [property_core] *["For Rent"]*
[Fri Sep 27 11:37:56.994 2013] 0.000 sec [all/2/rel 7 (0,20)] [property_core] *["For Rent"]*
[Fri Sep 27 11:38:05.231 2013] 0.000 sec [all/2/rel 7 (0,20)] [property_core] *["For Rent"]*
[Fri Sep 27 11:38:06.648 2013] 0.000 sec [all/2/rel 7 (0,20)] [property_core] *["For Rent"]*
[Fri Sep 27 11:38:06.865 2013] 0.000 sec [all/2/rel 7 (0,20)] [property_core] *["For Rent"]*
[Fri Sep 27 11:38:07.015 2013] 0.001 sec [all/2/rel 7 (0,20)] [property_core] *["For Rent"]*
[Fri Sep 27 11:38:07.179 2013] 0.001 sec [all/2/rel 7 (0,20)] [property_core] *["For Rent"]*
[Fri Sep 27 11:38:21.834 2013] 0.000 sec [all/2/rel 7 (0,20)] [property_core] *["For Rent"]*
[Fri Sep 27 11:39:47.542 2013] 0.000 sec [all/2/rel 7 (0,20)] [property_core] *["For Rent"]*
[Fri Sep 27 11:41:42.885 2013] 0.000 sec [all/2/rel 7 (0,20)] [property_core] *["For Rent"]*
[Fri Sep 27 11:42:44.482 2013] 0.000 sec [all/2/rel 7 (0,20)] [property_core] *["For Rent"]*
[Fri Sep 27 11:43:16.240 2013] 0.000 sec [all/2/rel 7 (0,20)] [property_core] *["For Rent"]*
[Fri Sep 27 11:43:53.588 2013] 0.000 sec [all/2/rel 7 (0,20)] [property_core] *["For Rent"]*
[Fri Sep 27 11:53:01.019 2013] 0.000 sec [all/2/rel 7 (0,20)] [property_core] *["For Rent"]*
[Fri Sep 27 12:06:48.235 2013] 0.000 sec [all/2/rel 7 (0,20)] [property_core] *["For Rent"]*
[Fri Sep 27 12:57:37.122 2013] 0.000 sec [all/2/rel 7 (0,20)] [property_core] *["For Rent"]*
[Fri Sep 27 12:57:58.130 2013] 0.000 sec [all/2/rel 7 (0,20)] [property_core] *["For Rent"]*
[Fri Sep 27 13:11:07.497 2013] 0.000 sec [all/2/rel 7 (0,20)] [property_core] *["For Rent"]*
[Fri Sep 27 14:30:34.413 2013] 0.000 sec [all/2/rel 7 (0,20)] [property_core] *["For Rent"]*
[Fri Sep 27 15:29:55.971 2013] 0.000 sec [all/2/rel 7 (0,20)] [property_core] *["For Rent"]*
[Fri Sep 27 15:30:57.815 2013] 0.000 sec [all/2/rel 7 (0,20)] [property_core] *["For Rent"]*
[Fri Sep 27 15:32:11.993 2013] 0.000 sec [all/2/rel 7 (0,20)] [property_core] *["For Rent"]*
[Fri Sep 27 15:32:22.972 2013] 0.000 sec [all/2/rel 7 (0,20)] [property_core] *["For Rent"]*
[Fri Sep 27 15:47:42.623 2013] 0.001 sec [all/2/rel 7 (0,20)] [property_core] *["For Rent"]*
[Fri Sep 27 16:22:34.879 2013] 0.001 sec [all/2/rel 7 (0,20)] [property_core] *["For Rent"]*
[Fri Sep 27 16:28:14.079 2013] 0.000 sec [all/2/rel 0 (0,20)] [property_core] *["For Sale"]*
[Fri Sep 27 16:28:20.859 2013] 0.000 sec [all/2/rel 7 (0,20)] [property_core] *["For Rent"]*
[Fri Sep 27 16:28:32.608 2013] 0.000 sec [all/2/rel 0 (0,20)] [property_core] *[]*
[Fri Sep 27 16:28:40.428 2013] 0.000 sec [all/2/rel 7 (0,20)] [property_core] *["For Rent"]*
[Fri Sep 27 16:31:20.293 2013] 0.000 sec [all/2/rel 7 (0,20)] [property_core] *["For Rent"]*
[Fri Sep 27 16:31:35.193 2013] 0.001 sec [all/2/rel 7 (0,20)] [property_core] *["For Rent"]*
[Fri Sep 27 16:31:41.640 2013] 0.000 sec [all/2/rel 7 (0,20)] [property_core] *["For Rent"]*
[Fri Sep 27 16:31:58.946 2013] 0.000 sec [all/2/rel 7 (0,20)] [property_core] *["For Rent"]*
[Fri Sep 27 16:32:14.064 2013] 0.000 sec [all/2/rel 7 (0,20)] [property_core] *["For Rent"]*
[Fri Sep 27 16:32:25.467 2013] 0.000 sec [all/2/rel 7 (0,20)] [property_core] *["For Rent"]*
[Fri Sep 27 16:32:37.431 2013] 0.000 sec [all/2/rel 7 (0,20)] [property_core] *["For Rent"]*
[Fri Sep 27 16:33:42.765 2013] 0.000 sec [all/2/rel 7 (0,20)] [property_core] *["For Rent"]*
[Fri Sep 27 16:34:07.932 2013] 0.000 sec [all/2/rel 7 (0,20)] [property_core] *["For Rent"]*
[Fri Sep 27 16:35:13.302 2013] 0.000 sec [all/2/rel 7 (0,20)] [property_core] *["For Rent"]*
[Fri Sep 27 16:35:33.289 2013] 0.001 sec [all/2/rel 0 (0,20)] [property_core] *["For Sale or Rent"]*
[Fri Sep 27 16:46:52.142 2013] 0.000 sec [all/2/rel 0 (0,20)] [property_core] *["For Sale or Rent"]*
[Fri Sep 27 16:47:03.492 2013] 0.001 sec [all/2/rel 7 (0,20)] [property_core] *["For Rent"]*
[Fri Sep 27 16:51:03.940 2013] 0.001 sec [all/2/rel 7 (0,20)] [property_core] *["For Rent"]*
[Fri Sep 27 16:51:59.180 2013] 0.001 sec [all/2/rel 7 (0,20)] [property_core] *["For Rent"]*
[Fri Sep 27 16:52:40.747 2013] 0.000 sec [all/2/rel 7 (0,20)] [property_core] *["For Rent"]*
[Fri Sep 27 16:54:10.977 2013] 0.000 sec [all/2/rel 7 (0,20)] [property_core] *["For Rent"]*
[Fri Sep 27 16:54:17.857 2013] 0.000 sec [all/2/rel 7 (0,20)] [property_core] *["For Rent"]*
